{"meta": {"format": 3, "version": "7.15.4", "timestamp": "2026-09-18T16:38:04.275370", "branch_coverage": true, "show_contexts": false}, "files": {"custom_components/unifi_insights/__init__.py": {"executed_lines": [3, 5, 6, 7, 8, 10, 11, 12, 13, 14, 16, 23, 24, 25, 34, 37, 43, 49, 56, 57, 60, 61, 62, 63, 64, 66, 68, 69, 77, 78, 79, 80, 84, 86, 102, 104, 107, 112, 113, 121, 122, 124, 126, 129, 131, 134, 161, 166, 167, 170, 176, 177, 178, 179, 180, 182, 183, 185, 186, 187, 189, 190, 191, 193, 194, 195, 196, 201, 209, 211, 212, 213, 214, 215, 217, 218, 225, 226, 227, 228, 231, 233, 234, 235, 238, 241, 243, 244, 245, 246, 247, 248, 249, 250, 251, 252, 255, 259, 262, 263, 267, 268, 270, 271, 272, 278, 284, 292, 298, 301, 310, 311, 312, 320, 321, 331, 332, 333, 334, 335, 336, 337, 338, 341, 342, 343, 344, 346, 350, 354, 360, 363, 371, 384, 385, 386, 388, 389, 390, 399, 400, 403, 404, 405, 406, 409, 410, 411, 413, 414, 415, 416, 417, 418, 419, 420, 422, 423, 424, 425, 426, 427, 428, 429, 430, 431, 432, 433, 434, 435, 436, 437, 439, 440, 441, 442, 447, 452, 453, 454, 455, 456, 457, 458, 459, 461, 462, 463, 466, 467, 469, 473, 475, 476, 484, 485, 486, 490, 491, 502, 512, 513, 516, 518, 519, 522, 526, 527, 529, 534, 535, 536, 537, 547, 548, 550, 551, 552, 553, 556, 557, 558, 559, 560, 562, 565, 578, 579, 580, 582, 583, 586, 595, 605, 613, 617, 620, 624, 627, 629, 636, 638, 640, 641, 642, 645, 649, 650, 651, 654, 655, 657, 665, 671], "summary": {"covered_lines": 254, "num_statements": 260, "percent_covered": 97.82608695652173, "percent_covered_display": "97.83", "missing_lines": 6, "excluded_lines": 3, "percent_statements_covered": 97.6923076923077, "percent_statements_covered_display": "97.69", "num_branches": 108, "num_partial_branches": 2, "covered_branches": 106, "missing_branches": 2, "percent_branches_covered": 98.14814814814815, "percent_branches_covered_display": "98.15"}, "missing_lines": [351, 352, 353, 355, 356, 357], "excluded_lines": [51, 52, 53], "executed_branches": [[77, 78], [77, 80], [177, 178], [177, 179], [185, 186], [185, 189], [189, 190], [189, 193], [193, 194], [193, 211], [195, 196], [195, 209], [196, 195], [196, 201], [211, 212], [211, 217], [217, 218], [217, 225], [233, 234], [233, 235], [244, 245], [244, 246], [247, 248], [247, 249], [249, 250], [249, 252], [250, 249], [250, 251], [271, 272], [271, 292], [310, 311], [310, 320], [337, 338], [337, 341], [342, 343], [342, 346], [385, 386], [385, 388], [389, 390], [389, 399], [404, 405], [404, 406], [413, 414], [413, 422], [415, 416], [415, 422], [417, 418], [417, 422], [419, 420], [419, 422], [422, 423], [422, 439], [424, 425], [424, 439], [425, 426], [425, 439], [426, 427], [426, 428], [428, 429], [428, 436], [429, 430], [429, 431], [431, 428], [431, 432], [433, 434], [433, 435], [436, 425], [436, 437], [439, 440], [439, 452], [440, 441], [440, 442], [442, 447], [442, 452], [454, 455], [454, 457], [457, 458], [457, 461], [462, 463], [462, 469], [466, 467], [466, 469], [469, 473], [469, 475], [475, 476], [475, 484], [484, 485], [484, 490], [534, 535], [534, 562], [537, 547], [537, 556], [547, 548], [556, 557], [579, 580], [579, 582], [636, 638], [636, 640], [640, 641], [640, 665], [645, 649], [645, 657], [650, 651], [650, 657], [654, 655], [654, 657]], "missing_branches": [[547, 550], [556, 562]], "functions": {"UnifiInsightsData.coordinator": {"executed_lines": [77, 78, 79, 80], "summary": {"covered_lines": 4, "num_statements": 4, "percent_covered": 100.0, "percent_covered_display": "100.00", "missing_lines": 0, "excluded_lines": 0, "percent_statements_covered": 100.0, "percent_statements_covered_display": "100.00", "num_branches": 2, "num_partial_branches": 0, "covered_branches": 2, "missing_branches": 0, "percent_branches_covered": 100.0, "percent_branches_covered_display": "100.00"}, "missing_lines": [], "excluded_lines": [], "start_line": 69, "executed_branches": [[77, 78], [77, 80]], "missing_branches": []}, "async_setup": {"executed_lines": [112, 113], "summary": {"covered_lines": 2, "num_statements": 2, "percent_covered": 100.0, "percent_covered_display": "100.00", "missing_lines": 0, "excluded_lines": 0, "percent_statements_covered": 100.0, "percent_statements_covered_display": "100.00", "num_branches": 0, "num_partial_branches": 0, "covered_branches": 0, "missing_branches": 0, "percent_branches_covered": 100.0, "percent_branches_covered_display": "100.00"}, "missing_lines": [], "excluded_lines": [], "start_line": 107, "executed_branches": [], "missing_branches": []}, "_clear_setup_probe_attempts": {"executed_lines": [131], "summary": {"covered_lines": 1, "num_statements": 1, "percent_covered": 100.0, "percent_covered_display": "100.00", "missing_lines": 0, "excluded_lines": 0, "percent_statements_covered": 100.0, "percent_statements_covered_display": "100.00", "num_branches": 0, "num_partial_branches": 0, "covered_branches": 0, "missing_branches": 0, "percent_branches_covered": 100.0, "percent_branches_covered_display": "100.00"}, "missing_lines": [], "excluded_lines": [], "start_line": 129, "executed_branches": [], "missing_branches": []}, "_raise_for_setup_probes": {"executed_lines": [161, 166, 167, 170, 176, 182, 185, 186, 187, 189, 190, 191, 193, 194, 195, 196, 201, 209, 211, 212, 213, 214, 215, 217, 218, 225, 226, 227, 228], "summary": {"covered_lines": 29, "num_statements": 29, "percent_covered": 100.0, "percent_covered_display": "100.00", "missing_lines": 0, "excluded_lines": 0, "percent_statements_covered": 100.0, "percent_statements_covered_display": "100.00", "num_branches": 14, "num_partial_branches": 0, "covered_branches": 14, "missing_branches": 0, "percent_branches_covered": 100.0, "percent_branches_covered_display": "100.00"}, "missing_lines": [], "excluded_lines": [], "start_line": 134, "executed_branches": [[185, 186], [185, 189], [189, 190], [189, 193], [193, 194], [193, 211], [195, 196], [195, 209], [196, 195], [196, 201], [211, 212], [211, 217], [217, 218], [217, 225]], "missing_branches": []}, "_raise_for_setup_probes.retry": {"executed_lines": [177, 178, 179, 180], "summary": {"covered_lines": 4, "num_statements": 4, "percent_covered": 100.0, "percent_covered_display": "100.00", "missing_lines": 0, "excluded_lines": 0, "percent_statements_covered": 100.0, "percent_statements_covered_display": "100.00", "num_branches": 2, "num_partial_branches": 0, "covered_branches": 2, "missing_branches": 0, "percent_branches_covered": 100.0, "percent_branches_covered_display": "100.00"}, "missing_lines": [], "excluded_lines": [], "start_line": 176, "executed_branches": [[177, 178], [177, 179]], "missing_branches": []}, "_raise_for_setup_probes.budget_left": {"executed_lines": [183], "summary": {"covered_lines": 1, "num_statements": 1, "percent_covered": 100.0, "percent_covered_display": "100.00", "missing_lines": 0, "excluded_lines": 0, "percent_statements_covered": 100.0, "percent_statements_covered_display": "100.00", "num_branches": 0, "num_partial_branches": 0, "covered_branches": 0, "missing_branches": 0, "percent_branches_covered": 100.0, "percent_branches_covered_display": "100.00"}, "missing_lines": [], "excluded_lines": [], "start_line": 182, "executed_branches": [], "missing_branches": []}, "_is_console_device": {"executed_lines": [233, 234, 235, 238], "summary": {"covered_lines": 4, "num_statements": 4, "percent_covered": 100.0, "percent_covered_display": "100.00", "missing_lines": 0, "excluded_lines": 0, "percent_statements_covered": 100.0, "percent_statements_covered_display": "100.00", "num_branches": 2, "num_partial_branches": 0, "covered_branches": 2, "missing_branches": 0, "percent_branches_covered": 100.0, "percent_branches_covered_display": "100.00"}, "missing_lines": [], "excluded_lines": [], "start_line": 231, "executed_branches": [[233, 234], [233, 235]], "missing_branches": []}, "_first_site_id": {"executed_lines": [243, 244, 245, 246, 247, 248, 249, 250, 251, 252], "summary": {"covered_lines": 10, "num_statements": 10, "percent_covered": 100.0, "percent_covered_display": "100.00", "missing_lines": 0, "excluded_lines": 0, "percent_statements_covered": 100.0, "percent_statements_covered_display": "100.00", "num_branches": 8, "num_partial_branches": 0, "covered_branches": 8, "missing_branches": 0, "percent_branches_covered": 100.0, "percent_branches_covered_display": "100.00"}, "missing_lines": [], "excluded_lines": [], "start_line": 241, "executed_branches": [[244, 245], [244, 246], [247, 248], [247, 249], [249, 250], [249, 252], [250, 249], [250, 251]], "missing_branches": []}, "async_setup_entry": {"executed_lines": [259, 262, 263, 267, 268, 270, 271, 272, 278, 284, 292, 298, 301, 310, 311, 312, 320, 321, 331, 332, 333, 334, 335, 336, 337, 338, 341, 342, 343, 344, 346, 350, 354, 360, 363, 371, 384, 385, 386, 388, 389, 390, 399, 400, 403, 404, 405, 406, 409, 410, 411, 413, 414, 415, 416, 417, 418, 419, 420, 422, 423, 424, 425, 426, 427, 428, 429, 430, 431, 432, 433, 434, 435, 436, 437, 439, 440, 441, 442, 447, 452, 453, 454, 455, 456, 457, 458, 459, 461, 462, 463, 466, 467, 469, 473, 475, 476, 484, 485, 486, 490, 491, 502, 512, 513, 516, 518, 519], "summary": {"covered_lines": 108, "num_statements": 114, "percent_covered": 96.55172413793103, "percent_covered_display": "96.55", "missing_lines": 6, "excluded_lines": 0, "percent_statements_covered": 94.73684210526316, "percent_statements_covered_display": "94.74", "num_branches": 60, "num_partial_branches": 0, "covered_branches": 60, "missing_branches": 0, "percent_branches_covered": 100.0, "percent_branches_covered_display": "100.00"}, "missing_lines": [351, 352, 353, 355, 356, 357], "excluded_lines": [], "start_line": 255, "executed_branches": [[271, 272], [271, 292], [310, 311], [310, 320], [337, 338], [337, 341], [342, 343], [342, 346], [385, 386], [385, 388], [389, 390], [389, 399], [404, 405], [404, 406], [413, 414], [413, 422], [415, 416], [415, 422], [417, 418], [417, 422], [419, 420], [419, 422], [422, 423], [422, 439], [424, 425], [424, 439], [425, 426], [425, 439], [426, 427], [426, 428], [428, 429], [428, 436], [429, 430], [429, 431], [431, 428], [431, 432], [433, 434], [433, 435], [436, 425], [436, 437], [439, 440], [439, 452], [440, 441], [440, 442], [442, 447], [442, 452], [454, 455], [454, 457], [457, 458], [457, 461], [462, 463], [462, 469], [466, 467], [466, 469], [469, 473], [469, 475], [475, 476], [475, 484], [484, 485], [484, 490]], "missing_branches": []}, "async_unload_entry": {"executed_lines": [526, 527, 529, 534, 535, 536, 537, 547, 548, 550, 551, 552, 553, 556, 557, 558, 559, 560, 562], "summary": {"covered_lines": 19, "num_statements": 19, "percent_covered": 92.5925925925926, "percent_covered_display": "92.59", "missing_lines": 0, "excluded_lines": 0, "percent_statements_covered": 100.0, "percent_statements_covered_display": "100.00", "num_branches": 8, "num_partial_branches": 2, "covered_branches": 6, "missing_branches": 2, "percent_branches_covered": 75.0, "percent_branches_covered_display": "75.00"}, "missing_lines": [], "excluded_lines": [], "start_line": 522, "executed_branches": [[534, 535], [534, 562], [537, 547], [537, 556], [547, 548], [556, 557]], "missing_branches": [[547, 550], [556, 562]]}, "async_remove_config_entry_device": {"executed_lines": [578, 579, 580, 582, 583, 586], "summary": {"covered_lines": 6, "num_statements": 6, "percent_covered": 100.0, "percent_covered_display": "100.00", "missing_lines": 0, "excluded_lines": 0, "percent_statements_covered": 100.0, "percent_statements_covered_display": "100.00", "num_branches": 2, "num_partial_branches": 0, "covered_branches": 2, "missing_branches": 0, "percent_branches_covered": 100.0, "percent_branches_covered_display": "100.00"}, "missing_lines": [], "excluded_lines": [], "start_line": 565, "executed_branches": [[579, 580], [579, 582]], "missing_branches": []}, "_is_site_scoped_identifier": {"executed_lines": [605], "summary": {"covered_lines": 1, "num_statements": 1, "percent_covered": 100.0, "percent_covered_display": "100.00", "missing_lines": 0, "excluded_lines": 0, "percent_statements_covered": 100.0, "percent_statements_covered_display": "100.00", "num_branches": 0, "num_partial_branches": 0, "covered_branches": 0, "missing_branches": 0, "percent_branches_covered": 100.0, "percent_branches_covered_display": "100.00"}, "missing_lines": [], "excluded_lines": [], "start_line": 595, "executed_branches": [], "missing_branches": []}, "async_remove_entry": {"executed_lines": [617], "summary": {"covered_lines": 1, "num_statements": 1, "percent_covered": 100.0, "percent_covered_display": "100.00", "missing_lines": 0, "excluded_lines": 0, "percent_statements_covered": 100.0, "percent_statements_covered_display": "100.00", "num_branches": 0, "num_partial_branches": 0, "covered_branches": 0, "missing_branches": 0, "percent_branches_covered": 100.0, "percent_branches_covered_display": "100.00"}, "missing_lines": [], "excluded_lines": [], "start_line": 613, "executed_branches": [], "missing_branches": []}, "async_reload_entry": {"executed_lines": [624], "summary": {"covered_lines": 1, "num_statements": 1, "percent_covered": 100.0, "percent_covered_display": "100.00", "missing_lines": 0, "excluded_lines": 0, "percent_statements_covered": 100.0, "percent_statements_covered_display": "100.00", "num_branches": 0, "num_partial_branches": 0, "covered_branches": 0, "missing_branches": 0, "percent_branches_covered": 100.0, "percent_branches_covered_display": "100.00"}, "missing_lines": [], "excluded_lines": [], "start_line": 620, "executed_branches": [], "missing_branches": []}, "async_migrate_entry": {"executed_lines": [629, 636, 638, 640, 641, 642, 645, 649, 650, 651, 654, 655, 657, 665, 671], "summary": {"covered_lines": 15, "num_statements": 15, "percent_covered": 100.0, "percent_covered_display": "100.00", "missing_lines": 0, "excluded_lines": 0, "percent_statements_covered": 100.0, "percent_statements_covered_display": "100.00", "num_branches": 10, "num_partial_branches": 0, "covered_branches": 10, "missing_branches": 0, "percent_branches_covered": 100.0, "percent_branches_covered_display": "100.00"}, "missing_lines": [], "excluded_lines": [], "start_line": 627, "executed_branches": [[636, 638], [636, 640], [640, 641], [640, 665], [645, 649], [645, 657], [650, 651], [650, 657], [654, 655], [654, 657]], "missing_branches": []}, "": {"executed_lines": [3, 5, 6, 7, 8, 10, 11, 12, 13, 14, 16, 23, 24, 25, 34, 37, 43, 49, 56, 57, 60, 61, 62, 63, 64, 66, 68, 69, 84, 86, 102, 104, 107, 121, 122, 124, 126, 129, 134, 231, 241, 255, 522, 565, 595, 613, 620, 627], "summary": {"covered_lines": 48, "num_statements": 48, "percent_covered": 100.0, "percent_covered_display": "100.00", "missing_lines": 0, "excluded_lines": 3, "percent_statements_covered": 100.0, "percent_statements_covered_display": "100.00", "num_branches": 0, "num_partial_branches": 0, "covered_branches": 0, "missing_branches": 0, "percent_branches_covered": 100.0, "percent_branches_covered_display": "100.00"}, "missing_lines": [], "excluded_lines": [51, 52, 53], "start_line": 1, "executed_branches": [], "missing_branches": []}}, "classes": {"UnifiInsightsData": {"executed_lines": [77, 78, 79, 80], "summary": {"covered_lines": 4, "num_statements": 4, "percent_covered": 100.0, "percent_covered_display": "100.00", "missing_lines": 0, "excluded_lines": 0, "percent_statements_covered": 100.0, "percent_statements_covered_display": "100.00", "num_branches": 2, "num_partial_branches": 0, "covered_branches": 2, "missing_branches": 0, "percent_branches_covered": 100.0, "percent_branches_covered_display": "100.00"}, "missing_lines": [], "excluded_lines": [], "start_line": 57, "executed_branches": [[77, 78], [77, 80]], "missing_branches": []}, "": {"executed_lines": [3, 5, 6, 7, 8, 10, 11, 12, 13, 14, 16, 23, 24, 25, 34, 37, 43, 49, 56, 57, 60, 61, 62, 63, 64, 66, 68, 69, 84, 86, 102, 104, 107, 112, 113, 121, 122, 124, 126, 129, 131, 134, 161, 166, 167, 170, 176, 177, 178, 179, 180, 182, 183, 185, 186, 187, 189, 190, 191, 193, 194, 195, 196, 201, 209, 211, 212, 213, 214, 215, 217, 218, 225, 226, 227, 228, 231, 233, 234, 235, 238, 241, 243, 244, 245, 246, 247, 248, 249, 250, 251, 252, 255, 259, 262, 263, 267, 268, 270, 271, 272, 278, 284, 292, 298, 301, 310, 311, 312, 320, 321, 331, 332, 333, 334, 335, 336, 337, 338, 341, 342, 343, 344, 346, 350, 354, 360, 363, 371, 384, 385, 386, 388, 389, 390, 399, 400, 403, 404, 405, 406, 409, 410, 411, 413, 414, 415, 416, 417, 418, 419, 420, 422, 423, 424, 425, 426, 427, 428, 429, 430, 431, 432, 433, 434, 435, 436, 437, 439, 440, 441, 442, 447, 452, 453, 454, 455, 456, 457, 458, 459, 461, 462, 463, 466, 467, 469, 473, 475, 476, 484, 485, 486, 490, 491, 502, 512, 513, 516, 518, 519, 522, 526, 527, 529, 534, 535, 536, 537, 547, 548, 550, 551, 552, 553, 556, 557, 558, 559, 560, 562, 565, 578, 579, 580, 582, 583, 586, 595, 605, 613, 617, 620, 624, 627, 629, 636, 638, 640, 641, 642, 645, 649, 650, 651, 654, 655, 657, 665, 671], "summary": {"covered_lines": 250, "num_statements": 256, "percent_covered": 97.79005524861878, "percent_covered_display": "97.79", "missing_lines": 6, "excluded_lines": 3, "percent_statements_covered": 97.65625, "percent_statements_covered_display": "97.66", "num_branches": 106, "num_partial_branches": 2, "covered_branches": 104, "missing_branches": 2, "percent_branches_covered": 98.11320754716981, "percent_branches_covered_display": "98.11"}, "missing_lines": [351, 352, 353, 355, 356, 357], "excluded_lines": [51, 52, 53], "start_line": 1, "executed_branches": [[177, 178], [177, 179], [185, 186], [185, 189], [189, 190], [189, 193], [193, 194], [193, 211], [195, 196], [195, 209], [196, 195], [196, 201], [211, 212], [211, 217], [217, 218], [217, 225], [233, 234], [233, 235], [244, 245], [244, 246], [247, 248], [247, 249], [249, 250], [249, 252], [250, 249], [250, 251], [271, 272], [271, 292], [310, 311], [310, 320], [337, 338], [337, 341], [342, 343], [342, 346], [385, 386], [385, 388], [389, 390], [389, 399], [404, 405], [404, 406], [413, 414], [413, 422], [415, 416], [415, 422], [417, 418], [417, 422], [419, 420], [419, 422], [422, 423], [422, 439], [424, 425], [424, 439], [425, 426], [425, 439], [426, 427], [426, 428], [428, 429], [428, 436], [429, 430], [429, 431], [431, 428], [431, 432], [433, 434], [433, 435], [436, 425], [436, 437], [439, 440], [439, 452], [440, 441], [440, 442], [442, 447], [442, 452], [454, 455], [454, 457], [457, 458], [457, 461], [462, 463], [462, 469], [466, 467], [466, 469], [469, 473], [469, 475], [475, 476], [475, 484], [484, 485], [484, 490], [534, 535], [534, 562], [537, 547], [537, 556], [547, 548], [556, 557], [579, 580], [579, 582], [636, 638], [636, 640], [640, 641], [640, 665], [645, 649], [645, 657], [650, 651], [650, 657], [654, 655], [654, 657]], "missing_branches": [[547, 550], [556, 562]]}}}, "custom_components/unifi_insights/binary_sensor.py": {"executed_lines": [3, 5, 6, 7, 12, 17, 19, 44, 53, 56, 59, 65, 66, 67, 68, 69, 72, 83, 84, 85, 88, 89, 91, 92, 93, 95, 96, 99, 100, 102, 103, 106, 107, 110, 113, 114, 120, 123, 124, 134, 137, 138, 146, 147, 150, 151, 152, 153, 156, 309, 315, 316, 317, 319, 322, 323, 324, 328, 332, 333, 336, 338, 346, 347, 349, 352, 357, 359, 369, 370, 371, 372, 374, 375, 377, 378, 389, 391, 392, 394, 398, 399, 404, 408, 414, 416, 425, 426, 428, 432, 447, 448, 451, 454, 456, 464, 466, 474, 476, 477, 479, 484, 490, 492, 493, 494, 498, 501, 503, 510, 513, 515, 523, 525, 526, 528, 529, 530, 532, 533, 536, 538, 539, 540, 543, 551, 552, 557, 558, 578, 581, 590, 598, 599, 600, 601, 602, 603, 605, 607, 612, 614, 615, 616, 617, 618, 620, 621, 623, 624, 625, 626, 628, 629, 631, 632, 633, 634, 635, 641, 642, 643, 644], "summary": {"covered_lines": 163, "num_statements": 168, "percent_covered": 94.95798319327731, "percent_covered_display": "94.96", "missing_lines": 5, "excluded_lines": 7, "percent_statements_covered": 97.02380952380952, "percent_statements_covered_display": "97.02", "num_branches": 70, "num_partial_branches": 7, "covered_branches": 63, "missing_branches": 7, "percent_branches_covered": 90.0, "percent_branches_covered_display": "90.00"}, "missing_lines": [373, 376, 495, 534, 613], "excluded_lines": [9, 10, 46, 47, 48, 50, 51], "executed_branches": [[66, 67], [66, 69], [84, 85], [84, 88], [89, 91], [89, 95], [95, 96], [95, 99], [100, 102], [100, 106], [114, 120], [114, 123], [124, 134], [124, 137], [322, 323], [322, 389], [332, 322], [332, 333], [346, 347], [346, 369], [347, 346], [347, 349], [349, 352], [349, 359], [370, 332], [370, 371], [372, 374], [375, 377], [389, 391], [389, 447], [391, 392], [391, 425], [398, 391], [398, 399], [399, 398], [399, 404], [404, 408], [404, 416], [425, 426], [425, 447], [479, 484], [479, 492], [493, 494], [529, 530], [529, 532], [532, 533], [539, 540], [539, 543], [551, 552], [551, 557], [557, 558], [612, 614], [614, 615], [614, 618], [616, 614], [616, 617], [624, 625], [624, 626], [632, 633], [632, 634], [635, 641], [635, 644], [642, 643]], "missing_branches": [[372, 373], [375, 376], [493, 495], [532, 534], [557, -536], [612, 613], [642, 635]], "functions": {"_get_supported_smart_detect_types": {"executed_lines": [65, 66, 67, 68, 69], "summary": {"covered_lines": 5, "num_statements": 5, "percent_covered": 100.0, "percent_covered_display": "100.00", "missing_lines": 0, "excluded_lines": 0, "percent_statements_covered": 100.0, "percent_statements_covered_display": "100.00", "num_branches": 2, "num_partial_branches": 0, "covered_branches": 2, "missing_branches": 0, "percent_branches_covered": 100.0, "percent_branches_covered_display": "100.00"}, "missing_lines": [], "excluded_lines": [], "start_line": 59, "executed_branches": [[66, 67], [66, 69]], "missing_branches": []}, "_is_smart_detect_active": {"executed_lines": [83, 84, 85, 88, 89, 91, 92, 93, 95, 96, 99, 100, 102, 103, 106, 107], "summary": {"covered_lines": 16, "num_statements": 16, "percent_covered": 100.0, "percent_covered_display": "100.00", "missing_lines": 0, "excluded_lines": 0, "percent_statements_covered": 100.0, "percent_statements_covered_display": "100.00", "num_branches": 8, "num_partial_branches": 0, "covered_branches": 8, "missing_branches": 0, "percent_branches_covered": 100.0, "percent_branches_covered_display": "100.00"}, "missing_lines": [], "excluded_lines": [], "start_line": 72, "executed_branches": [[84, 85], [84, 88], [89, 91], [89, 95], [95, 96], [95, 99], [100, 102], [100, 106]], "missing_branches": []}, "_is_doorbell_camera": {"executed_lines": [113, 114, 120, 123, 124, 134, 137, 138], "summary": {"covered_lines": 8, "num_statements": 8, "percent_covered": 100.0, "percent_covered_display": "100.00", "missing_lines": 0, "excluded_lines": 0, "percent_statements_covered": 100.0, "percent_statements_covered_display": "100.00", "num_branches": 4, "num_partial_branches": 0, "covered_branches": 4, "missing_branches": 0, "percent_branches_covered": 100.0, "percent_branches_covered_display": "100.00"}, "missing_lines": [], "excluded_lines": [], "start_line": 110, "executed_branches": [[114, 120], [114, 123], [124, 134], [124, 137]], "missing_branches": []}, "async_setup_entry": {"executed_lines": [315, 316, 317, 319, 322, 323, 324, 328, 332, 333, 336, 338, 346, 347, 349, 352, 357, 359, 369, 370, 371, 372, 374, 375, 377, 378, 389, 391, 392, 394, 398, 399, 404, 408, 414, 416, 425, 426, 428, 432, 447, 448], "summary": {"covered_lines": 42, "num_statements": 44, "percent_covered": 94.44444444444444, "percent_covered_display": "94.44", "missing_lines": 2, "excluded_lines": 0, "percent_statements_covered": 95.45454545454545, "percent_statements_covered_display": "95.45", "num_branches": 28, "num_partial_branches": 2, "covered_branches": 26, "missing_branches": 2, "percent_branches_covered": 92.85714285714286, "percent_branches_covered_display": "92.86"}, "missing_lines": [373, 376], "excluded_lines": [], "start_line": 309, "executed_branches": [[322, 323], [322, 389], [332, 322], [332, 333], [346, 347], [346, 369], [347, 346], [347, 349], [349, 352], [349, 359], [370, 332], [370, 371], [372, 374], [375, 377], [389, 391], [389, 447], [391, 392], [391, 425], [398, 391], [398, 399], [399, 398], [399, 404], [404, 408], [404, 416], [425, 426], [425, 447]], "missing_branches": [[372, 373], [375, 376]]}, "UnifiInsightsBinarySensor.__init__": {"executed_lines": [464, 466, 474], "summary": {"covered_lines": 3, "num_statements": 3, "percent_covered": 100.0, "percent_covered_display": "100.00", "missing_lines": 0, "excluded_lines": 0, "percent_statements_covered": 100.0, "percent_statements_covered_display": "100.00", "num_branches": 0, "num_partial_branches": 0, "covered_branches": 0, "missing_branches": 0, "percent_branches_covered": 100.0, "percent_branches_covered_display": "100.00"}, "missing_lines": [], "excluded_lines": [], "start_line": 456, "executed_branches": [], "missing_branches": []}, "UnifiInsightsBinarySensor.is_on": {"executed_lines": [479, 484, 490, 492, 493, 494], "summary": {"covered_lines": 6, "num_statements": 7, "percent_covered": 81.81818181818181, "percent_covered_display": "81.82", "missing_lines": 1, "excluded_lines": 0, "percent_statements_covered": 85.71428571428571, "percent_statements_covered_display": "85.71", "num_branches": 4, "num_partial_branches": 1, "covered_branches": 3, "missing_branches": 1, "percent_branches_covered": 75.0, "percent_branches_covered_display": "75.00"}, "missing_lines": [495], "excluded_lines": [], "start_line": 477, "executed_branches": [[479, 484], [479, 492], [493, 494]], "missing_branches": [[493, 495]]}, "UnifiProtectBinarySensor.__init__": {"executed_lines": [510, 513, 515, 523], "summary": {"covered_lines": 4, "num_statements": 4, "percent_covered": 100.0, "percent_covered_display": "100.00", "missing_lines": 0, "excluded_lines": 0, "percent_statements_covered": 100.0, "percent_statements_covered_display": "100.00", "num_branches": 0, "num_partial_branches": 0, "covered_branches": 0, "missing_branches": 0, "percent_branches_covered": 100.0, "percent_branches_covered_display": "100.00"}, "missing_lines": [], "excluded_lines": [], "start_line": 503, "executed_branches": [], "missing_branches": []}, "UnifiProtectBinarySensor.is_on": {"executed_lines": [528, 529, 530, 532, 533], "summary": {"covered_lines": 5, "num_statements": 6, "percent_covered": 80.0, "percent_covered_display": "80.00", "missing_lines": 1, "excluded_lines": 0, "percent_statements_covered": 83.33333333333333, "percent_statements_covered_display": "83.33", "num_branches": 4, "num_partial_branches": 1, "covered_branches": 3, "missing_branches": 1, "percent_branches_covered": 75.0, "percent_branches_covered_display": "75.00"}, "missing_lines": [534], "excluded_lines": [], "start_line": 526, "executed_branches": [[529, 530], [529, 532], [532, 533]], "missing_branches": [[532, 534]]}, "UnifiProtectBinarySensor._update_from_data": {"executed_lines": [538, 539, 540, 543, 551, 552, 557, 558], "summary": {"covered_lines": 8, "num_statements": 8, "percent_covered": 92.85714285714286, "percent_covered_display": "92.86", "missing_lines": 0, "excluded_lines": 0, "percent_statements_covered": 100.0, "percent_statements_covered_display": "100.00", "num_branches": 6, "num_partial_branches": 1, "covered_branches": 5, "missing_branches": 1, "percent_branches_covered": 83.33333333333333, "percent_branches_covered_display": "83.33"}, "missing_lines": [], "excluded_lines": [], "start_line": 536, "executed_branches": [[539, 540], [539, 543], [551, 552], [551, 557], [557, 558]], "missing_branches": [[557, -536]]}, "UnifiPortBinarySensor.__init__": {"executed_lines": [590, 598, 599, 600, 601, 602, 603], "summary": {"covered_lines": 7, "num_statements": 7, "percent_covered": 100.0, "percent_covered_display": "100.00", "missing_lines": 0, "excluded_lines": 0, "percent_statements_covered": 100.0, "percent_statements_covered_display": "100.00", "num_branches": 0, "num_partial_branches": 0, "covered_branches": 0, "missing_branches": 0, "percent_branches_covered": 100.0, "percent_branches_covered_display": "100.00"}, "missing_lines": [], "excluded_lines": [], "start_line": 581, "executed_branches": [], "missing_branches": []}, "UnifiPortBinarySensor._find_port_data": {"executed_lines": [607, 612, 614, 615, 616, 617, 618], "summary": {"covered_lines": 7, "num_statements": 8, "percent_covered": 85.71428571428571, "percent_covered_display": "85.71", "missing_lines": 1, "excluded_lines": 0, "percent_statements_covered": 87.5, "percent_statements_covered_display": "87.50", "num_branches": 6, "num_partial_branches": 1, "covered_branches": 5, "missing_branches": 1, "percent_branches_covered": 83.33333333333333, "percent_branches_covered_display": "83.33"}, "missing_lines": [613], "excluded_lines": [], "start_line": 605, "executed_branches": [[612, 614], [614, 615], [614, 618], [616, 614], [616, 617]], "missing_branches": [[612, 613]]}, "UnifiPortBinarySensor.is_on": {"executed_lines": [623, 624, 625, 626], "summary": {"covered_lines": 4, "num_statements": 4, "percent_covered": 100.0, "percent_covered_display": "100.00", "missing_lines": 0, "excluded_lines": 0, "percent_statements_covered": 100.0, "percent_statements_covered_display": "100.00", "num_branches": 2, "num_partial_branches": 0, "covered_branches": 2, "missing_branches": 0, "percent_branches_covered": 100.0, "percent_branches_covered_display": "100.00"}, "missing_lines": [], "excluded_lines": [], "start_line": 621, "executed_branches": [[624, 625], [624, 626]], "missing_branches": []}, "UnifiPortBinarySensor.extra_state_attributes": {"executed_lines": [631, 632, 633, 634, 635, 641, 642, 643, 644], "summary": {"covered_lines": 9, "num_statements": 9, "percent_covered": 93.33333333333333, "percent_covered_display": "93.33", "missing_lines": 0, "excluded_lines": 0, "percent_statements_covered": 100.0, "percent_statements_covered_display": "100.00", "num_branches": 6, "num_partial_branches": 1, "covered_branches": 5, "missing_branches": 1, "percent_branches_covered": 83.33333333333333, "percent_branches_covered_display": "83.33"}, "missing_lines": [], "excluded_lines": [], "start_line": 629, "executed_branches": [[632, 633], [632, 634], [635, 641], [635, 644], [642, 643]], "missing_branches": [[642, 635]]}, "": {"executed_lines": [3, 5, 6, 7, 12, 17, 19, 44, 53, 56, 59, 72, 110, 146, 147, 150, 151, 152, 153, 156, 309, 451, 454, 456, 476, 477, 498, 501, 503, 525, 526, 536, 578, 581, 605, 620, 621, 628, 629], "summary": {"covered_lines": 39, "num_statements": 39, "percent_covered": 100.0, "percent_covered_display": "100.00", "missing_lines": 0, "excluded_lines": 7, "percent_statements_covered": 100.0, "percent_statements_covered_display": "100.00", "num_branches": 0, "num_partial_branches": 0, "covered_branches": 0, "missing_branches": 0, "percent_branches_covered": 100.0, "percent_branches_covered_display": "100.00"}, "missing_lines": [], "excluded_lines": [9, 10, 46, 47, 48, 50, 51], "start_line": 1, "executed_branches": [], "missing_branches": []}}, "classes": {"UnifiInsightsBinarySensorEntityDescription": {"executed_lines": [], "summary": {"covered_lines": 0, "num_statements": 0, "percent_covered": 100.0, "percent_covered_display": "100.00", "missing_lines": 0, "excluded_lines": 0, "percent_statements_covered": 100.0, "percent_statements_covered_display": "100.00", "num_branches": 0, "num_partial_branches": 0, "covered_branches": 0, "missing_branches": 0, "percent_branches_covered": 100.0, "percent_branches_covered_display": "100.00"}, "missing_lines": [], "excluded_lines": [], "start_line": 147, "executed_branches": [], "missing_branches": []}, "UnifiInsightsBinarySensor": {"executed_lines": [464, 466, 474, 479, 484, 490, 492, 493, 494], "summary": {"covered_lines": 9, "num_statements": 10, "percent_covered": 85.71428571428571, "percent_covered_display": "85.71", "missing_lines": 1, "excluded_lines": 0, "percent_statements_covered": 90.0, "percent_statements_covered_display": "90.00", "num_branches": 4, "num_partial_branches": 1, "covered_branches": 3, "missing_branches": 1, "percent_branches_covered": 75.0, "percent_branches_covered_display": "75.00"}, "missing_lines": [495], "excluded_lines": [], "start_line": 451, "executed_branches": [[479, 484], [479, 492], [493, 494]], "missing_branches": [[493, 495]]}, "UnifiProtectBinarySensor": {"executed_lines": [510, 513, 515, 523, 528, 529, 530, 532, 533, 538, 539, 540, 543, 551, 552, 557, 558], "summary": {"covered_lines": 17, "num_statements": 18, "percent_covered": 89.28571428571429, "percent_covered_display": "89.29", "missing_lines": 1, "excluded_lines": 0, "percent_statements_covered": 94.44444444444444, "percent_statements_covered_display": "94.44", "num_branches": 10, "num_partial_branches": 2, "covered_branches": 8, "missing_branches": 2, "percent_branches_covered": 80.0, "percent_branches_covered_display": "80.00"}, "missing_lines": [534], "excluded_lines": [], "start_line": 498, "executed_branches": [[529, 530], [529, 532], [532, 533], [539, 540], [539, 543], [551, 552], [551, 557], [557, 558]], "missing_branches": [[532, 534], [557, -536]]}, "UnifiPortBinarySensor": {"executed_lines": [590, 598, 599, 600, 601, 602, 603, 607, 612, 614, 615, 616, 617, 618, 623, 624, 625, 626, 631, 632, 633, 634, 635, 641, 642, 643, 644], "summary": {"covered_lines": 27, "num_statements": 28, "percent_covered": 92.85714285714286, "percent_covered_display": "92.86", "missing_lines": 1, "excluded_lines": 0, "percent_statements_covered": 96.42857142857143, "percent_statements_covered_display": "96.43", "num_branches": 14, "num_partial_branches": 2, "covered_branches": 12, "missing_branches": 2, "percent_branches_covered": 85.71428571428571, "percent_branches_covered_display": "85.71"}, "missing_lines": [613], "excluded_lines": [], "start_line": 578, "executed_branches": [[612, 614], [614, 615], [614, 618], [616, 614], [616, 617], [624, 625], [624, 626], [632, 633], [632, 634], [635, 641], [635, 644], [642, 643]], "missing_branches": [[612, 613], [642, 635]]}, "": {"executed_lines": [3, 5, 6, 7, 12, 17, 19, 44, 53, 56, 59, 65, 66, 67, 68, 69, 72, 83, 84, 85, 88, 89, 91, 92, 93, 95, 96, 99, 100, 102, 103, 106, 107, 110, 113, 114, 120, 123, 124, 134, 137, 138, 146, 147, 150, 151, 152, 153, 156, 309, 315, 316, 317, 319, 322, 323, 324, 328, 332, 333, 336, 338, 346, 347, 349, 352, 357, 359, 369, 370, 371, 372, 374, 375, 377, 378, 389, 391, 392, 394, 398, 399, 404, 408, 414, 416, 425, 426, 428, 432, 447, 448, 451, 454, 456, 476, 477, 498, 501, 503, 525, 526, 536, 578, 581, 605, 620, 621, 628, 629], "summary": {"covered_lines": 110, "num_statements": 112, "percent_covered": 97.40259740259741, "percent_covered_display": "97.40", "missing_lines": 2, "excluded_lines": 7, "percent_statements_covered": 98.21428571428571, "percent_statements_covered_display": "98.21", "num_branches": 42, "num_partial_branches": 2, "covered_branches": 40, "missing_branches": 2, "percent_branches_covered": 95.23809523809524, "percent_branches_covered_display": "95.24"}, "missing_lines": [373, 376], "excluded_lines": [9, 10, 46, 47, 48, 50, 51], "start_line": 1, "executed_branches": [[66, 67], [66, 69], [84, 85], [84, 88], [89, 91], [89, 95], [95, 96], [95, 99], [100, 102], [100, 106], [114, 120], [114, 123], [124, 134], [124, 137], [322, 323], [322, 389], [332, 322], [332, 333], [346, 347], [346, 369], [347, 346], [347, 349], [349, 352], [349, 359], [370, 332], [370, 371], [372, 374], [375, 377], [389, 391], [389, 447], [391, 392], [391, 425], [398, 391], [398, 399], [399, 398], [399, 404], [404, 408], [404, 416], [425, 426], [425, 447]], "missing_branches": [[372, 373], [375, 376]]}}}, "custom_components/unifi_insights/button.py": {"executed_lines": [3, 5, 6, 7, 9, 13, 14, 15, 17, 29, 43, 46, 49, 50, 54, 64, 70, 71, 74, 77, 78, 93, 96, 97, 98, 102, 106, 107, 110, 112, 120, 131, 132, 133, 134, 140, 141, 150, 151, 154, 155, 157, 158, 166, 167, 168, 170, 173, 181, 188, 189, 192, 195, 197, 205, 207, 214, 216, 225, 236, 237, 238, 240, 246, 247, 249, 250, 251, 252, 253, 254, 255, 256, 257, 258, 259, 262, 265, 266, 267, 269, 275, 278, 280, 282, 285, 286, 288, 289, 291, 297, 299, 302, 303, 305, 306, 308, 310, 323, 326, 327, 329, 336, 337, 338, 341, 342, 348, 349, 352, 355, 357, 362, 369, 371, 376, 378, 379, 381, 382, 383, 384, 386, 388, 392, 399, 406, 409, 410, 411, 413, 419, 421, 423, 425, 436, 439, 442, 443, 444, 446, 452, 454, 456, 458, 467], "summary": {"covered_lines": 146, "num_statements": 150, "percent_covered": 94.21052631578948, "percent_covered_display": "94.21", "missing_lines": 4, "excluded_lines": 5, "percent_statements_covered": 97.33333333333333, "percent_statements_covered_display": "97.33", "num_branches": 40, "num_partial_branches": 3, "covered_branches": 33, "missing_branches": 7, "percent_branches_covered": 82.5, "percent_branches_covered_display": "82.50"}, "missing_lines": [79, 82, 87, 91], "excluded_lines": [36, 37, 38, 40, 41], "executed_branches": [[78, 93], [96, 97], [96, 131], [106, 96], [106, 107], [131, 132], [132, 133], [132, 150], [133, 132], [133, 134], [150, 151], [150, 188], [154, 155], [154, 166], [166, 167], [166, 188], [167, 168], [236, 237], [236, 240], [250, 251], [250, 252], [253, 254], [253, 255], [256, 257], [256, 258], [288, 289], [288, 291], [305, 306], [305, 308], [355, 357], [355, 362], [381, 382], [381, 383]], "missing_branches": [[78, 79], [79, 82], [79, 93], [82, 79], [82, 87], [131, 150], [167, 166]], "functions": {"async_setup_entry": {"executed_lines": [70, 71, 74, 77, 78, 93, 96, 97, 98, 102, 106, 107, 110, 112, 120, 131, 132, 133, 134, 140, 141, 150, 151, 154, 155, 157, 158, 166, 167, 168, 170, 173, 181, 188, 189], "summary": {"covered_lines": 35, "num_statements": 39, "percent_covered": 82.53968253968254, "percent_covered_display": "82.54", "missing_lines": 4, "excluded_lines": 0, "percent_statements_covered": 89.74358974358974, "percent_statements_covered_display": "89.74", "num_branches": 24, "num_partial_branches": 3, "covered_branches": 17, "missing_branches": 7, "percent_branches_covered": 70.83333333333333, "percent_branches_covered_display": "70.83"}, "missing_lines": [79, 82, 87, 91], "excluded_lines": [], "start_line": 64, "executed_branches": [[78, 93], [96, 97], [96, 131], [106, 96], [106, 107], [131, 132], [132, 133], [132, 150], [133, 132], [133, 134], [150, 151], [150, 188], [154, 155], [154, 166], [166, 167], [166, 188], [167, 168]], "missing_branches": [[78, 79], [79, 82], [79, 93], [82, 79], [82, 87], [131, 150], [167, 166]]}, "UnifiInsightsButton.__init__": {"executed_lines": [205, 207], "summary": {"covered_lines": 2, "num_statements": 2, "percent_covered": 100.0, "percent_covered_display": "100.00", "missing_lines": 0, "excluded_lines": 0, "percent_statements_covered": 100.0, "percent_statements_covered_display": "100.00", "num_branches": 0, "num_partial_branches": 0, "covered_branches": 0, "missing_branches": 0, "percent_branches_covered": 100.0, "percent_branches_covered_display": "100.00"}, "missing_lines": [], "excluded_lines": [], "start_line": 197, "executed_branches": [], "missing_branches": []}, "UnifiInsightsButton.async_press": {"executed_lines": [216, 225, 236, 237, 238, 240], "summary": {"covered_lines": 6, "num_statements": 6, "percent_covered": 100.0, "percent_covered_display": "100.00", "missing_lines": 0, "excluded_lines": 0, "percent_statements_covered": 100.0, "percent_statements_covered_display": "100.00", "num_branches": 2, "num_partial_branches": 0, "covered_branches": 2, "missing_branches": 0, "percent_branches_covered": 100.0, "percent_branches_covered_display": "100.00"}, "missing_lines": [], "excluded_lines": [], "start_line": 214, "executed_branches": [[236, 237], [236, 240]], "missing_branches": []}, "UnifiInsightsButton.available": {"executed_lines": [249, 250, 251, 252, 253, 254, 255, 256, 257, 258, 259], "summary": {"covered_lines": 11, "num_statements": 11, "percent_covered": 100.0, "percent_covered_display": "100.00", "missing_lines": 0, "excluded_lines": 0, "percent_statements_covered": 100.0, "percent_statements_covered_display": "100.00", "num_branches": 6, "num_partial_branches": 0, "covered_branches": 6, "missing_branches": 0, "percent_branches_covered": 100.0, "percent_branches_covered_display": "100.00"}, "missing_lines": [], "excluded_lines": [], "start_line": 247, "executed_branches": [[250, 251], [250, 252], [253, 254], [253, 255], [256, 257], [256, 258]], "missing_branches": []}, "UnifiProtectChimePlayButton.__init__": {"executed_lines": [275, 278], "summary": {"covered_lines": 2, "num_statements": 2, "percent_covered": 100.0, "percent_covered_display": "100.00", "missing_lines": 0, "excluded_lines": 0, "percent_statements_covered": 100.0, "percent_statements_covered_display": "100.00", "num_branches": 0, "num_partial_branches": 0, "covered_branches": 0, "missing_branches": 0, "percent_branches_covered": 100.0, "percent_branches_covered_display": "100.00"}, "missing_lines": [], "excluded_lines": [], "start_line": 269, "executed_branches": [], "missing_branches": []}, "UnifiProtectChimePlayButton._update_attributes": {"executed_lines": [282, 285, 286, 288, 289, 291], "summary": {"covered_lines": 6, "num_statements": 6, "percent_covered": 100.0, "percent_covered_display": "100.00", "missing_lines": 0, "excluded_lines": 0, "percent_statements_covered": 100.0, "percent_statements_covered_display": "100.00", "num_branches": 2, "num_partial_branches": 0, "covered_branches": 2, "missing_branches": 0, "percent_branches_covered": 100.0, "percent_branches_covered_display": "100.00"}, "missing_lines": [], "excluded_lines": [], "start_line": 280, "executed_branches": [[288, 289], [288, 291]], "missing_branches": []}, "UnifiProtectChimePlayButton.async_press": {"executed_lines": [299, 302, 303, 305, 306, 308, 310], "summary": {"covered_lines": 7, "num_statements": 7, "percent_covered": 100.0, "percent_covered_display": "100.00", "missing_lines": 0, "excluded_lines": 0, "percent_statements_covered": 100.0, "percent_statements_covered_display": "100.00", "num_branches": 2, "num_partial_branches": 0, "covered_branches": 2, "missing_branches": 0, "percent_branches_covered": 100.0, "percent_branches_covered_display": "100.00"}, "missing_lines": [], "excluded_lines": [], "start_line": 297, "executed_branches": [[305, 306], [305, 308]], "missing_branches": []}, "UnifiClientReconnectButton.__init__": {"executed_lines": [336, 337, 338, 341, 342, 348, 349, 352, 355, 357, 362], "summary": {"covered_lines": 11, "num_statements": 11, "percent_covered": 100.0, "percent_covered_display": "100.00", "missing_lines": 0, "excluded_lines": 0, "percent_statements_covered": 100.0, "percent_statements_covered_display": "100.00", "num_branches": 2, "num_partial_branches": 0, "covered_branches": 2, "missing_branches": 0, "percent_branches_covered": 100.0, "percent_branches_covered_display": "100.00"}, "missing_lines": [], "excluded_lines": [], "start_line": 329, "executed_branches": [[355, 357], [355, 362]], "missing_branches": []}, "UnifiClientReconnectButton._get_client_data": {"executed_lines": [371, 376], "summary": {"covered_lines": 2, "num_statements": 2, "percent_covered": 100.0, "percent_covered_display": "100.00", "missing_lines": 0, "excluded_lines": 0, "percent_statements_covered": 100.0, "percent_statements_covered_display": "100.00", "num_branches": 0, "num_partial_branches": 0, "covered_branches": 0, "missing_branches": 0, "percent_branches_covered": 100.0, "percent_branches_covered_display": "100.00"}, "missing_lines": [], "excluded_lines": [], "start_line": 369, "executed_branches": [], "missing_branches": []}, "UnifiClientReconnectButton.available": {"executed_lines": [381, 382, 383, 384], "summary": {"covered_lines": 4, "num_statements": 4, "percent_covered": 100.0, "percent_covered_display": "100.00", "missing_lines": 0, "excluded_lines": 0, "percent_statements_covered": 100.0, "percent_statements_covered_display": "100.00", "num_branches": 2, "num_partial_branches": 0, "covered_branches": 2, "missing_branches": 0, "percent_branches_covered": 100.0, "percent_branches_covered_display": "100.00"}, "missing_lines": [], "excluded_lines": [], "start_line": 379, "executed_branches": [[381, 382], [381, 383]], "missing_branches": []}, "UnifiClientReconnectButton.async_press": {"executed_lines": [388, 392, 399], "summary": {"covered_lines": 3, "num_statements": 3, "percent_covered": 100.0, "percent_covered_display": "100.00", "missing_lines": 0, "excluded_lines": 0, "percent_statements_covered": 100.0, "percent_statements_covered_display": "100.00", "num_branches": 0, "num_partial_branches": 0, "covered_branches": 0, "missing_branches": 0, "percent_branches_covered": 100.0, "percent_branches_covered_display": "100.00"}, "missing_lines": [], "excluded_lines": [], "start_line": 386, "executed_branches": [], "missing_branches": []}, "UnifiProtectPTZPatrolStartButton.__init__": {"executed_lines": [419], "summary": {"covered_lines": 1, "num_statements": 1, "percent_covered": 100.0, "percent_covered_display": "100.00", "missing_lines": 0, "excluded_lines": 0, "percent_statements_covered": 100.0, "percent_statements_covered_display": "100.00", "num_branches": 0, "num_partial_branches": 0, "covered_branches": 0, "missing_branches": 0, "percent_branches_covered": 100.0, "percent_branches_covered_display": "100.00"}, "missing_lines": [], "excluded_lines": [], "start_line": 413, "executed_branches": [], "missing_branches": []}, "UnifiProtectPTZPatrolStartButton.async_press": {"executed_lines": [423, 425, 436], "summary": {"covered_lines": 3, "num_statements": 3, "percent_covered": 100.0, "percent_covered_display": "100.00", "missing_lines": 0, "excluded_lines": 0, "percent_statements_covered": 100.0, "percent_statements_covered_display": "100.00", "num_branches": 0, "num_partial_branches": 0, "covered_branches": 0, "missing_branches": 0, "percent_branches_covered": 100.0, "percent_branches_covered_display": "100.00"}, "missing_lines": [], "excluded_lines": [], "start_line": 421, "executed_branches": [], "missing_branches": []}, "UnifiProtectPTZPatrolStopButton.__init__": {"executed_lines": [452], "summary": {"covered_lines": 1, "num_statements": 1, "percent_covered": 100.0, "percent_covered_display": "100.00", "missing_lines": 0, "excluded_lines": 0, "percent_statements_covered": 100.0, "percent_statements_covered_display": "100.00", "num_branches": 0, "num_partial_branches": 0, "covered_branches": 0, "missing_branches": 0, "percent_branches_covered": 100.0, "percent_branches_covered_display": "100.00"}, "missing_lines": [], "excluded_lines": [], "start_line": 446, "executed_branches": [], "missing_branches": []}, "UnifiProtectPTZPatrolStopButton.async_press": {"executed_lines": [456, 458, 467], "summary": {"covered_lines": 3, "num_statements": 3, "percent_covered": 100.0, "percent_covered_display": "100.00", "missing_lines": 0, "excluded_lines": 0, "percent_statements_covered": 100.0, "percent_statements_covered_display": "100.00", "num_branches": 0, "num_partial_branches": 0, "covered_branches": 0, "missing_branches": 0, "percent_branches_covered": 100.0, "percent_branches_covered_display": "100.00"}, "missing_lines": [], "excluded_lines": [], "start_line": 454, "executed_branches": [], "missing_branches": []}, "": {"executed_lines": [3, 5, 6, 7, 9, 13, 14, 15, 17, 29, 43, 46, 49, 50, 54, 64, 192, 195, 197, 214, 246, 247, 262, 265, 266, 267, 269, 280, 297, 323, 326, 327, 329, 369, 378, 379, 386, 406, 409, 410, 411, 413, 421, 439, 442, 443, 444, 446, 454], "summary": {"covered_lines": 49, "num_statements": 49, "percent_covered": 100.0, "percent_covered_display": "100.00", "missing_lines": 0, "excluded_lines": 5, "percent_statements_covered": 100.0, "percent_statements_covered_display": "100.00", "num_branches": 0, "num_partial_branches": 0, "covered_branches": 0, "missing_branches": 0, "percent_branches_covered": 100.0, "percent_branches_covered_display": "100.00"}, "missing_lines": [], "excluded_lines": [36, 37, 38, 40, 41], "start_line": 1, "executed_branches": [], "missing_branches": []}}, "classes": {"UnifiInsightsButtonEntityDescription": {"executed_lines": [], "summary": {"covered_lines": 0, "num_statements": 0, "percent_covered": 100.0, "percent_covered_display": "100.00", "missing_lines": 0, "excluded_lines": 0, "percent_statements_covered": 100.0, "percent_statements_covered_display": "100.00", "num_branches": 0, "num_partial_branches": 0, "covered_branches": 0, "missing_branches": 0, "percent_branches_covered": 100.0, "percent_branches_covered_display": "100.00"}, "missing_lines": [], "excluded_lines": [], "start_line": 50, "executed_branches": [], "missing_branches": []}, "UnifiInsightsButton": {"executed_lines": [205, 207, 216, 225, 236, 237, 238, 240, 249, 250, 251, 252, 253, 254, 255, 256, 257, 258, 259], "summary": {"covered_lines": 19, "num_statements": 19, "percent_covered": 100.0, "percent_covered_display": "100.00", "missing_lines": 0, "excluded_lines": 0, "percent_statements_covered": 100.0, "percent_statements_covered_display": "100.00", "num_branches": 8, "num_partial_branches": 0, "covered_branches": 8, "missing_branches": 0, "percent_branches_covered": 100.0, "percent_branches_covered_display": "100.00"}, "missing_lines": [], "excluded_lines": [], "start_line": 192, "executed_branches": [[236, 237], [236, 240], [250, 251], [250, 252], [253, 254], [253, 255], [256, 257], [256, 258]], "missing_branches": []}, "UnifiProtectChimePlayButton": {"executed_lines": [275, 278, 282, 285, 286, 288, 289, 291, 299, 302, 303, 305, 306, 308, 310], "summary": {"covered_lines": 15, "num_statements": 15, "percent_covered": 100.0, "percent_covered_display": "100.00", "missing_lines": 0, "excluded_lines": 0, "percent_statements_covered": 100.0, "percent_statements_covered_display": "100.00", "num_branches": 4, "num_partial_branches": 0, "covered_branches": 4, "missing_branches": 0, "percent_branches_covered": 100.0, "percent_branches_covered_display": "100.00"}, "missing_lines": [], "excluded_lines": [], "start_line": 262, "executed_branches": [[288, 289], [288, 291], [305, 306], [305, 308]], "missing_branches": []}, "UnifiClientReconnectButton": {"executed_lines": [336, 337, 338, 341, 342, 348, 349, 352, 355, 357, 362, 371, 376, 381, 382, 383, 384, 388, 392, 399], "summary": {"covered_lines": 20, "num_statements": 20, "percent_covered": 100.0, "percent_covered_display": "100.00", "missing_lines": 0, "excluded_lines": 0, "percent_statements_covered": 100.0, "percent_statements_covered_display": "100.00", "num_branches": 4, "num_partial_branches": 0, "covered_branches": 4, "missing_branches": 0, "percent_branches_covered": 100.0, "percent_branches_covered_display": "100.00"}, "missing_lines": [], "excluded_lines": [], "start_line": 323, "executed_branches": [[355, 357], [355, 362], [381, 382], [381, 383]], "missing_branches": []}, "UnifiProtectPTZPatrolStartButton": {"executed_lines": [419, 423, 425, 436], "summary": {"covered_lines": 4, "num_statements": 4, "percent_covered": 100.0, "percent_covered_display": "100.00", "missing_lines": 0, "excluded_lines": 0, "percent_statements_covered": 100.0, "percent_statements_covered_display": "100.00", "num_branches": 0, "num_partial_branches": 0, "covered_branches": 0, "missing_branches": 0, "percent_branches_covered": 100.0, "percent_branches_covered_display": "100.00"}, "missing_lines": [], "excluded_lines": [], "start_line": 406, "executed_branches": [], "missing_branches": []}, "UnifiProtectPTZPatrolStopButton": {"executed_lines": [452, 456, 458, 467], "summary": {"covered_lines": 4, "num_statements": 4, "percent_covered": 100.0, "percent_covered_display": "100.00", "missing_lines": 0, "excluded_lines": 0, "percent_statements_covered": 100.0, "percent_statements_covered_display": "100.00", "num_branches": 0, "num_partial_branches": 0, "covered_branches": 0, "missing_branches": 0, "percent_branches_covered": 100.0, "percent_branches_covered_display": "100.00"}, "missing_lines": [], "excluded_lines": [], "start_line": 439, "executed_branches": [], "missing_branches": []}, "": {"executed_lines": [3, 5, 6, 7, 9, 13, 14, 15, 17, 29, 43, 46, 49, 50, 54, 64, 70, 71, 74, 77, 78, 93, 96, 97, 98, 102, 106, 107, 110, 112, 120, 131, 132, 133, 134, 140, 141, 150, 151, 154, 155, 157, 158, 166, 167, 168, 170, 173, 181, 188, 189, 192, 195, 197, 214, 246, 247, 262, 265, 266, 267, 269, 280, 297, 323, 326, 327, 329, 369, 378, 379, 386, 406, 409, 410, 411, 413, 421, 439, 442, 443, 444, 446, 454], "summary": {"covered_lines": 84, "num_statements": 88, "percent_covered": 90.17857142857143, "percent_covered_display": "90.18", "missing_lines": 4, "excluded_lines": 5, "percent_statements_covered": 95.45454545454545, "percent_statements_covered_display": "95.45", "num_branches": 24, "num_partial_branches": 3, "covered_branches": 17, "missing_branches": 7, "percent_branches_covered": 70.83333333333333, "percent_branches_covered_display": "70.83"}, "missing_lines": [79, 82, 87, 91], "excluded_lines": [36, 37, 38, 40, 41], "start_line": 1, "executed_branches": [[78, 93], [96, 97], [96, 131], [106, 96], [106, 107], [131, 132], [132, 133], [132, 150], [133, 132], [133, 134], [150, 151], [150, 188], [154, 155], [154, 166], [166, 167], [166, 188], [167, 168]], "missing_branches": [[78, 79], [79, 82], [79, 93], [82, 79], [82, 87], [131, 150], [167, 166]]}}}, "custom_components/unifi_insights/camera.py": {"executed_lines": [3, 5, 6, 8, 10, 20, 29, 32, 35, 41, 42, 45, 46, 47, 49, 52, 53, 54, 61, 62, 65, 68, 69, 71, 77, 78, 82, 85, 88, 90, 92, 97, 100, 109, 113, 116, 118, 119, 122, 123, 124, 125, 127, 135, 138, 139, 140, 146, 147, 150, 151, 152, 153, 159, 162, 163, 164, 165, 166, 169, 170, 171, 172, 178, 179, 182, 185, 186, 189], "summary": {"covered_lines": 69, "num_statements": 69, "percent_covered": 96.55172413793103, "percent_covered_display": "96.55", "missing_lines": 0, "excluded_lines": 5, "percent_statements_covered": 100.0, "percent_statements_covered_display": "100.00", "num_branches": 18, "num_partial_branches": 3, "covered_branches": 15, "missing_branches": 3, "percent_branches_covered": 83.33333333333333, "percent_branches_covered_display": "83.33"}, "missing_lines": [], "excluded_lines": [22, 23, 24, 26, 27], "executed_branches": [[45, 46], [45, 49], [52, 53], [52, 61], [138, 139], [146, 147], [163, 164], [163, 169], [164, 165], [169, 170], [169, 178], [171, 172], [171, 178], [178, 179], [178, 185]], "missing_branches": [[138, 159], [146, 159], [164, 163]], "functions": {"async_setup_entry": {"executed_lines": [41, 42, 45, 46, 47, 49, 52, 53, 54, 61, 62], "summary": {"covered_lines": 11, "num_statements": 11, "percent_covered": 100.0, "percent_covered_display": "100.00", "missing_lines": 0, "excluded_lines": 0, "percent_statements_covered": 100.0, "percent_statements_covered_display": "100.00", "num_branches": 4, "num_partial_branches": 0, "covered_branches": 4, "missing_branches": 0, "percent_branches_covered": 100.0, "percent_branches_covered_display": "100.00"}, "missing_lines": [], "excluded_lines": [], "start_line": 35, "executed_branches": [[45, 46], [45, 49], [52, 53], [52, 61]], "missing_branches": []}, "UnifiProtectCamera.__init__": {"executed_lines": [77, 78, 82, 85, 88], "summary": {"covered_lines": 5, "num_statements": 5, "percent_covered": 100.0, "percent_covered_display": "100.00", "missing_lines": 0, "excluded_lines": 0, "percent_statements_covered": 100.0, "percent_statements_covered_display": "100.00", "num_branches": 0, "num_partial_branches": 0, "covered_branches": 0, "missing_branches": 0, "percent_branches_covered": 100.0, "percent_branches_covered_display": "100.00"}, "missing_lines": [], "excluded_lines": [], "start_line": 71, "executed_branches": [], "missing_branches": []}, "UnifiProtectCamera._update_from_data": {"executed_lines": [92, 97, 100], "summary": {"covered_lines": 3, "num_statements": 3, "percent_covered": 100.0, "percent_covered_display": "100.00", "missing_lines": 0, "excluded_lines": 0, "percent_statements_covered": 100.0, "percent_statements_covered_display": "100.00", "num_branches": 0, "num_partial_branches": 0, "covered_branches": 0, "missing_branches": 0, "percent_branches_covered": 100.0, "percent_branches_covered_display": "100.00"}, "missing_lines": [], "excluded_lines": [], "start_line": 90, "executed_branches": [], "missing_branches": []}, "UnifiProtectCamera.async_camera_image": {"executed_lines": [113, 116, 118, 119, 122, 123, 124, 125], "summary": {"covered_lines": 8, "num_statements": 8, "percent_covered": 100.0, "percent_covered_display": "100.00", "missing_lines": 0, "excluded_lines": 0, "percent_statements_covered": 100.0, "percent_statements_covered_display": "100.00", "num_branches": 0, "num_partial_branches": 0, "covered_branches": 0, "missing_branches": 0, "percent_branches_covered": 100.0, "percent_branches_covered_display": "100.00"}, "missing_lines": [], "excluded_lines": [], "start_line": 109, "executed_branches": [], "missing_branches": []}, "UnifiProtectCamera.stream_source": {"executed_lines": [135, 138, 139, 140, 146, 147, 150, 151, 152, 153, 159, 162, 163, 164, 165, 166, 169, 170, 171, 172, 178, 179, 182, 185, 186, 189], "summary": {"covered_lines": 26, "num_statements": 26, "percent_covered": 92.5, "percent_covered_display": "92.50", "missing_lines": 0, "excluded_lines": 0, "percent_statements_covered": 100.0, "percent_statements_covered_display": "100.00", "num_branches": 14, "num_partial_branches": 3, "covered_branches": 11, "missing_branches": 3, "percent_branches_covered": 78.57142857142857, "percent_branches_covered_display": "78.57"}, "missing_lines": [], "excluded_lines": [], "start_line": 127, "executed_branches": [[138, 139], [146, 147], [163, 164], [163, 169], [164, 165], [169, 170], [169, 178], [171, 172], [171, 178], [178, 179], [178, 185]], "missing_branches": [[138, 159], [146, 159], [164, 163]]}, "": {"executed_lines": [3, 5, 6, 8, 10, 20, 29, 32, 35, 65, 68, 69, 71, 90, 109, 127], "summary": {"covered_lines": 16, "num_statements": 16, "percent_covered": 100.0, "percent_covered_display": "100.00", "missing_lines": 0, "excluded_lines": 5, "percent_statements_covered": 100.0, "percent_statements_covered_display": "100.00", "num_branches": 0, "num_partial_branches": 0, "covered_branches": 0, "missing_branches": 0, "percent_branches_covered": 100.0, "percent_branches_covered_display": "100.00"}, "missing_lines": [], "excluded_lines": [22, 23, 24, 26, 27], "start_line": 1, "executed_branches": [], "missing_branches": []}}, "classes": {"UnifiProtectCamera": {"executed_lines": [77, 78, 82, 85, 88, 92, 97, 100, 113, 116, 118, 119, 122, 123, 124, 125, 135, 138, 139, 140, 146, 147, 150, 151, 152, 153, 159, 162, 163, 164, 165, 166, 169, 170, 171, 172, 178, 179, 182, 185, 186, 189], "summary": {"covered_lines": 42, "num_statements": 42, "percent_covered": 94.64285714285714, "percent_covered_display": "94.64", "missing_lines": 0, "excluded_lines": 0, "percent_statements_covered": 100.0, "percent_statements_covered_display": "100.00", "num_branches": 14, "num_partial_branches": 3, "covered_branches": 11, "missing_branches": 3, "percent_branches_covered": 78.57142857142857, "percent_branches_covered_display": "78.57"}, "missing_lines": [], "excluded_lines": [], "start_line": 65, "executed_branches": [[138, 139], [146, 147], [163, 164], [163, 169], [164, 165], [169, 170], [169, 178], [171, 172], [171, 178], [178, 179], [178, 185]], "missing_branches": [[138, 159], [146, 159], [164, 163]]}, "": {"executed_lines": [3, 5, 6, 8, 10, 20, 29, 32, 35, 41, 42, 45, 46, 47, 49, 52, 53, 54, 61, 62, 65, 68, 69, 71, 90, 109, 127], "summary": {"covered_lines": 27, "num_statements": 27, "percent_covered": 100.0, "percent_covered_display": "100.00", "missing_lines": 0, "excluded_lines": 5, "percent_statements_covered": 100.0, "percent_statements_covered_display": "100.00", "num_branches": 4, "num_partial_branches": 0, "covered_branches": 4, "missing_branches": 0, "percent_branches_covered": 100.0, "percent_branches_covered_display": "100.00"}, "missing_lines": [], "excluded_lines": [22, 23, 24, 26, 27], "start_line": 1, "executed_branches": [[45, 46], [45, 49], [52, 53], [52, 61]], "missing_branches": []}}}, "custom_components/unifi_insights/config_flow.py": {"executed_lines": [3, 5, 6, 7, 9, 10, 16, 17, 18, 19, 25, 27, 37, 38, 39, 56, 65, 68, 71, 72, 74, 76, 77, 78, 80, 81, 82, 86, 88, 89, 91, 92, 94, 95, 96, 97, 104, 105, 109, 110, 112, 113, 114, 115, 120, 121, 122, 124, 126, 127, 132, 133, 136, 137, 138, 139, 140, 148, 150, 151, 156, 158, 160, 161, 173, 174, 175, 176, 177, 178, 179, 180, 181, 182, 185, 190, 191, 193, 201, 202, 205, 208, 209, 210, 211, 212, 215, 218, 225, 228, 231, 232, 233, 234, 235, 236, 237, 238, 239, 243, 244, 245, 246, 248, 249, 250, 251, 252, 254, 263, 264, 267, 270, 271, 272, 273, 274, 277, 278, 279, 280, 281, 282, 283, 284, 287, 288, 291, 292, 293, 294, 297, 299, 308, 309, 311, 313, 326, 328, 337, 338, 340, 349, 350, 352, 353, 354, 355, 356, 358, 362, 363, 364, 365, 366, 368, 393, 397, 399, 400, 401, 410, 411, 412, 413, 415, 421, 422, 423, 424, 426, 431, 432, 434, 436, 437, 442, 454, 458, 460, 461, 462, 463, 466, 467, 469, 470, 471, 473, 474, 475, 476, 477, 478, 479, 480, 481, 487, 488, 489, 490, 492, 493, 494, 495, 496, 498, 508, 512, 515, 517, 518, 520, 521, 525, 526, 527, 529, 530, 531, 537, 546, 547, 548, 549, 551, 552, 569, 574, 589, 591, 592, 594, 598, 599, 600, 604, 605, 606, 607, 616, 617, 624, 625, 627, 629, 630, 633, 636, 640, 643, 644, 648, 649, 657, 661, 663, 665, 667, 673, 674, 675, 676, 678, 679, 686, 692, 696, 697, 698, 700, 701, 702, 703, 712, 713, 721, 726, 733, 742, 743, 744, 747, 748, 750, 756, 757, 759, 765, 766, 768, 770, 771, 774, 777, 781, 784, 785, 789, 790, 796, 800, 805, 811, 815, 817, 819, 821, 828, 829, 830, 831, 833, 834, 843, 844, 863, 879, 882, 886, 887, 893, 897, 898, 899, 902, 903, 904, 905, 907, 908, 911, 914, 917, 920, 924, 938, 939, 945, 953, 961, 968, 970, 971, 972, 973], "summary": {"covered_lines": 346, "num_statements": 401, "percent_covered": 87.43169398907104, "percent_covered_display": "87.43", "missing_lines": 55, "excluded_lines": 0, "percent_statements_covered": 86.28428927680798, "percent_statements_covered_display": "86.28", "num_branches": 148, "num_partial_branches": 10, "covered_branches": 134, "missing_branches": 14, "percent_branches_covered": 90.54054054054055, "percent_branches_covered_display": "90.54"}, "missing_lines": [102, 106, 107, 134, 142, 143, 144, 146, 438, 439, 440, 482, 486, 513, 550, 553, 554, 555, 556, 561, 562, 563, 564, 565, 566, 567, 634, 641, 658, 659, 662, 664, 666, 668, 672, 680, 681, 682, 683, 684, 775, 782, 812, 813, 816, 818, 820, 822, 827, 835, 836, 837, 838, 839, 840], "excluded_lines": [], "executed_branches": [[94, 95], [94, 109], [97, 104], [104, 105], [112, 113], [112, 124], [133, 136], [137, 138], [139, 140], [174, 175], [174, 176], [176, 177], [176, 178], [179, 180], [179, 181], [181, 182], [181, 185], [185, 190], [185, 191], [209, 210], [209, 252], [215, 218], [215, 243], [225, 215], [225, 228], [231, 232], [231, 234], [235, 236], [235, 237], [243, 244], [243, 252], [245, 246], [245, 248], [250, 251], [250, 252], [263, 264], [263, 267], [271, 272], [271, 297], [274, 277], [274, 297], [278, 279], [278, 297], [281, 282], [281, 297], [283, 284], [283, 288], [291, 292], [291, 297], [308, 309], [308, 311], [337, 338], [337, 340], [349, 350], [349, 352], [352, 353], [352, 356], [353, 352], [353, 354], [362, 363], [362, 368], [364, 365], [364, 366], [399, 400], [399, 442], [410, 411], [410, 431], [421, 422], [421, 423], [423, 424], [423, 426], [431, 432], [431, 434], [460, 461], [460, 498], [466, 467], [466, 469], [488, 489], [488, 492], [512, 515], [517, 518], [517, 569], [525, 526], [525, 546], [604, 605], [604, 686], [606, 607], [606, 629], [616, 617], [616, 624], [624, 625], [624, 627], [633, 636], [640, 643], [648, 649], [648, 657], [674, 675], [674, 678], [700, 701], [700, 843], [702, 703], [702, 770], [712, 713], [712, 765], [726, 733], [726, 742], [742, 743], [742, 750], [747, 748], [747, 750], [756, 757], [756, 759], [765, 766], [765, 768], [774, 777], [781, 784], [789, 790], [789, 811], [790, 796], [790, 800], [829, 830], [829, 833], [843, 844], [843, 863], [897, 898], [897, 911], [899, 902], [899, 905], [903, 904], [903, 908], [905, 907], [905, 908], [938, 939], [938, 961]], "missing_branches": [[97, 102], [104, 106], [106, 94], [106, 107], [133, 134], [137, 146], [139, 142], [143, 137], [143, 144], [512, 513], [633, 634], [640, 641], [774, 775], [781, 782]], "functions": {"UnifiInsightsConfigFlow.__init__": {"executed_lines": [76, 77, 78], "summary": {"covered_lines": 3, "num_statements": 3, "percent_covered": 100.0, "percent_covered_display": "100.00", "missing_lines": 0, "excluded_lines": 0, "percent_statements_covered": 100.0, "percent_statements_covered_display": "100.00", "num_branches": 0, "num_partial_branches": 0, "covered_branches": 0, "missing_branches": 0, "percent_branches_covered": 100.0, "percent_branches_covered_display": "100.00"}, "missing_lines": [], "excluded_lines": [], "start_line": 74, "executed_branches": [], "missing_branches": []}, "UnifiInsightsConfigFlow.async_get_options_flow": {"executed_lines": [86], "summary": {"covered_lines": 1, "num_statements": 1, "percent_covered": 100.0, "percent_covered_display": "100.00", "missing_lines": 0, "excluded_lines": 0, "percent_statements_covered": 100.0, "percent_statements_covered_display": "100.00", "num_branches": 0, "num_partial_branches": 0, "covered_branches": 0, "missing_branches": 0, "percent_branches_covered": 100.0, "percent_branches_covered_display": "100.00"}, "missing_lines": [], "excluded_lines": [], "start_line": 82, "executed_branches": [], "missing_branches": []}, "UnifiInsightsConfigFlow._extract_remote_console_options": {"executed_lines": [91, 92, 94, 95, 96, 97, 104, 105, 109, 110, 112, 113, 114, 115, 120, 121, 122, 124], "summary": {"covered_lines": 18, "num_statements": 21, "percent_covered": 77.41935483870968, "percent_covered_display": "77.42", "missing_lines": 3, "excluded_lines": 0, "percent_statements_covered": 85.71428571428571, "percent_statements_covered_display": "85.71", "num_branches": 10, "num_partial_branches": 2, "covered_branches": 6, "missing_branches": 4, "percent_branches_covered": 60.0, "percent_branches_covered_display": "60.00"}, "missing_lines": [102, 106, 107], "excluded_lines": [], "start_line": 89, "executed_branches": [[94, 95], [94, 109], [97, 104], [104, 105], [112, 113], [112, 124]], "missing_branches": [[97, 102], [104, 106], [106, 94], [106, 107]]}, "UnifiInsightsConfigFlow._normalize_remote_console_id": {"executed_lines": [132, 133, 136, 137, 138, 139, 140], "summary": {"covered_lines": 7, "num_statements": 12, "percent_covered": 50.0, "percent_covered_display": "50.00", "missing_lines": 5, "excluded_lines": 0, "percent_statements_covered": 58.333333333333336, "percent_statements_covered_display": "58.33", "num_branches": 8, "num_partial_branches": 3, "covered_branches": 3, "missing_branches": 5, "percent_branches_covered": 37.5, "percent_branches_covered_display": "37.50"}, "missing_lines": [134, 142, 143, 144, 146], "excluded_lines": [], "start_line": 127, "executed_branches": [[133, 136], [137, 138], [139, 140]], "missing_branches": [[133, 134], [137, 146], [139, 142], [143, 137], [143, 144]]}, "UnifiInsightsConfigFlow._async_discover_remote_consoles": {"executed_lines": [150, 151, 156, 158], "summary": {"covered_lines": 4, "num_statements": 4, "percent_covered": 100.0, "percent_covered_display": "100.00", "missing_lines": 0, "excluded_lines": 0, "percent_statements_covered": 100.0, "percent_statements_covered_display": "100.00", "num_branches": 0, "num_partial_branches": 0, "covered_branches": 0, "missing_branches": 0, "percent_branches_covered": 100.0, "percent_branches_covered_display": "100.00"}, "missing_lines": [], "excluded_lines": [], "start_line": 148, "executed_branches": [], "missing_branches": []}, "UnifiInsightsConfigFlow._flow_error_for_probes": {"executed_lines": [173, 174, 175, 176, 177, 178, 179, 180, 181, 182, 185, 190, 191], "summary": {"covered_lines": 13, "num_statements": 13, "percent_covered": 100.0, "percent_covered_display": "100.00", "missing_lines": 0, "excluded_lines": 0, "percent_statements_covered": 100.0, "percent_statements_covered_display": "100.00", "num_branches": 10, "num_partial_branches": 0, "covered_branches": 10, "missing_branches": 0, "percent_branches_covered": 100.0, "percent_branches_covered_display": "100.00"}, "missing_lines": [], "excluded_lines": [], "start_line": 161, "executed_branches": [[174, 175], [174, 176], [176, 177], [176, 178], [179, 180], [179, 181], [181, 182], [181, 185], [185, 190], [185, 191]], "missing_branches": []}, "UnifiInsightsConfigFlow._async_validate_local_connection": {"executed_lines": [201, 202, 205, 254, 263, 264, 267, 299, 308, 309, 311], "summary": {"covered_lines": 11, "num_statements": 11, "percent_covered": 100.0, "percent_covered_display": "100.00", "missing_lines": 0, "excluded_lines": 0, "percent_statements_covered": 100.0, "percent_statements_covered_display": "100.00", "num_branches": 4, "num_partial_branches": 0, "covered_branches": 4, "missing_branches": 0, "percent_branches_covered": 100.0, "percent_branches_covered_display": "100.00"}, "missing_lines": [], "excluded_lines": [], "start_line": 193, "executed_branches": [[263, 264], [263, 267], [308, 309], [308, 311]], "missing_branches": []}, "UnifiInsightsConfigFlow._async_validate_local_connection._probe_network_and_extract": {"executed_lines": [208, 209, 210, 211, 212, 215, 218, 225, 228, 231, 232, 233, 234, 235, 236, 237, 238, 239, 243, 244, 245, 246, 248, 249, 250, 251, 252], "summary": {"covered_lines": 27, "num_statements": 27, "percent_covered": 100.0, "percent_covered_display": "100.00", "missing_lines": 0, "excluded_lines": 0, "percent_statements_covered": 100.0, "percent_statements_covered_display": "100.00", "num_branches": 16, "num_partial_branches": 0, "covered_branches": 16, "missing_branches": 0, "percent_branches_covered": 100.0, "percent_branches_covered_display": "100.00"}, "missing_lines": [], "excluded_lines": [], "start_line": 205, "executed_branches": [[209, 210], [209, 252], [215, 218], [215, 243], [225, 215], [225, 228], [231, 232], [231, 234], [235, 236], [235, 237], [243, 244], [243, 252], [245, 246], [245, 248], [250, 251], [250, 252]], "missing_branches": []}, "UnifiInsightsConfigFlow._async_validate_local_connection._probe_protect_and_extract": {"executed_lines": [270, 271, 272, 273, 274, 277, 278, 279, 280, 281, 282, 283, 284, 287, 288, 291, 292, 293, 294, 297], "summary": {"covered_lines": 20, "num_statements": 20, "percent_covered": 100.0, "percent_covered_display": "100.00", "missing_lines": 0, "excluded_lines": 0, "percent_statements_covered": 100.0, "percent_statements_covered_display": "100.00", "num_branches": 12, "num_partial_branches": 0, "covered_branches": 12, "missing_branches": 0, "percent_branches_covered": 100.0, "percent_branches_covered_display": "100.00"}, "missing_lines": [], "excluded_lines": [], "start_line": 267, "executed_branches": [[271, 272], [271, 297], [274, 277], [274, 297], [278, 279], [278, 297], [281, 282], [281, 297], [283, 284], [283, 288], [291, 292], [291, 297]], "missing_branches": []}, "UnifiInsightsConfigFlow._async_validate_remote_console": {"executed_lines": [326, 328, 337, 338, 340, 349, 350, 352, 353, 354, 355, 356], "summary": {"covered_lines": 12, "num_statements": 12, "percent_covered": 100.0, "percent_covered_display": "100.00", "missing_lines": 0, "excluded_lines": 0, "percent_statements_covered": 100.0, "percent_statements_covered_display": "100.00", "num_branches": 8, "num_partial_branches": 0, "covered_branches": 8, "missing_branches": 0, "percent_branches_covered": 100.0, "percent_branches_covered_display": "100.00"}, "missing_lines": [], "excluded_lines": [], "start_line": 313, "executed_branches": [[337, 338], [337, 340], [349, 350], [349, 352], [352, 353], [352, 356], [353, 352], [353, 354]], "missing_branches": []}, "UnifiInsightsConfigFlow.async_step_user": {"executed_lines": [362, 363, 364, 365, 366, 368], "summary": {"covered_lines": 6, "num_statements": 6, "percent_covered": 100.0, "percent_covered_display": "100.00", "missing_lines": 0, "excluded_lines": 0, "percent_statements_covered": 100.0, "percent_statements_covered_display": "100.00", "num_branches": 4, "num_partial_branches": 0, "covered_branches": 4, "missing_branches": 0, "percent_branches_covered": 100.0, "percent_branches_covered_display": "100.00"}, "missing_lines": [], "excluded_lines": [], "start_line": 358, "executed_branches": [[362, 363], [362, 368], [364, 365], [364, 366]], "missing_branches": []}, "UnifiInsightsConfigFlow.async_step_local": {"executed_lines": [397, 399, 400, 401, 410, 411, 412, 413, 415, 421, 422, 423, 424, 426, 431, 432, 434, 436, 437, 442], "summary": {"covered_lines": 20, "num_statements": 23, "percent_covered": 90.9090909090909, "percent_covered_display": "90.91", "missing_lines": 3, "excluded_lines": 0, "percent_statements_covered": 86.95652173913044, "percent_statements_covered_display": "86.96", "num_branches": 10, "num_partial_branches": 0, "covered_branches": 10, "missing_branches": 0, "percent_branches_covered": 100.0, "percent_branches_covered_display": "100.00"}, "missing_lines": [438, 439, 440], "excluded_lines": [], "start_line": 393, "executed_branches": [[399, 400], [399, 442], [410, 411], [410, 431], [421, 422], [421, 423], [423, 424], [423, 426], [431, 432], [431, 434]], "missing_branches": []}, "UnifiInsightsConfigFlow.async_step_remote": {"executed_lines": [458, 460, 461, 462, 463, 466, 467, 469, 470, 471, 473, 474, 475, 476, 477, 478, 479, 480, 481, 487, 488, 489, 490, 492, 493, 494, 495, 496, 498], "summary": {"covered_lines": 29, "num_statements": 31, "percent_covered": 94.5945945945946, "percent_covered_display": "94.59", "missing_lines": 2, "excluded_lines": 0, "percent_statements_covered": 93.54838709677419, "percent_statements_covered_display": "93.55", "num_branches": 6, "num_partial_branches": 0, "covered_branches": 6, "missing_branches": 0, "percent_branches_covered": 100.0, "percent_branches_covered_display": "100.00"}, "missing_lines": [482, 486], "excluded_lines": [], "start_line": 454, "executed_branches": [[460, 461], [460, 498], [466, 467], [466, 469], [488, 489], [488, 492]], "missing_branches": []}, "UnifiInsightsConfigFlow.async_step_select_console": {"executed_lines": [512, 515, 517, 518, 520, 521, 525, 526, 527, 529, 530, 531, 537, 546, 547, 548, 549, 551, 552, 569, 574], "summary": {"covered_lines": 21, "num_statements": 34, "percent_covered": 65.0, "percent_covered_display": "65.00", "missing_lines": 13, "excluded_lines": 0, "percent_statements_covered": 61.76470588235294, "percent_statements_covered_display": "61.76", "num_branches": 6, "num_partial_branches": 1, "covered_branches": 5, "missing_branches": 1, "percent_branches_covered": 83.33333333333333, "percent_branches_covered_display": "83.33"}, "missing_lines": [513, 550, 553, 554, 555, 556, 561, 562, 563, 564, 565, 566, 567], "excluded_lines": [], "start_line": 508, "executed_branches": [[512, 515], [517, 518], [517, 569], [525, 526], [525, 546]], "missing_branches": [[512, 513]]}, "UnifiInsightsConfigFlow.async_step_reauth": {"executed_lines": [591, 592], "summary": {"covered_lines": 2, "num_statements": 2, "percent_covered": 100.0, "percent_covered_display": "100.00", "missing_lines": 0, "excluded_lines": 0, "percent_statements_covered": 100.0, "percent_statements_covered_display": "100.00", "num_branches": 0, "num_partial_branches": 0, "covered_branches": 0, "missing_branches": 0, "percent_branches_covered": 100.0, "percent_branches_covered_display": "100.00"}, "missing_lines": [], "excluded_lines": [], "start_line": 589, "executed_branches": [], "missing_branches": []}, "UnifiInsightsConfigFlow.async_step_reauth_confirm": {"executed_lines": [598, 599, 600, 604, 605, 606, 607, 616, 617, 624, 625, 627, 629, 630, 633, 636, 640, 643, 644, 648, 649, 657, 661, 663, 665, 667, 673, 674, 675, 676, 678, 679, 686], "summary": {"covered_lines": 33, "num_statements": 47, "percent_covered": 74.60317460317461, "percent_covered_display": "74.60", "missing_lines": 14, "excluded_lines": 0, "percent_statements_covered": 70.2127659574468, "percent_statements_covered_display": "70.21", "num_branches": 16, "num_partial_branches": 2, "covered_branches": 14, "missing_branches": 2, "percent_branches_covered": 87.5, "percent_branches_covered_display": "87.50"}, "missing_lines": [634, 641, 658, 659, 662, 664, 666, 668, 672, 680, 681, 682, 683, 684], "excluded_lines": [], "start_line": 594, "executed_branches": [[604, 605], [604, 686], [606, 607], [606, 629], [616, 617], [616, 624], [624, 625], [624, 627], [633, 636], [640, 643], [648, 649], [648, 657], [674, 675], [674, 678]], "missing_branches": [[633, 634], [640, 641]]}, "UnifiInsightsConfigFlow.async_step_reconfigure": {"executed_lines": [696, 697, 698, 700, 701, 702, 703, 712, 713, 721, 726, 733, 742, 743, 744, 747, 748, 750, 756, 757, 759, 765, 766, 768, 770, 771, 774, 777, 781, 784, 785, 789, 790, 796, 800, 805, 811, 815, 817, 819, 821, 828, 829, 830, 831, 833, 834, 843, 844, 863], "summary": {"covered_lines": 50, "num_statements": 65, "percent_covered": 81.72043010752688, "percent_covered_display": "81.72", "missing_lines": 15, "excluded_lines": 0, "percent_statements_covered": 76.92307692307692, "percent_statements_covered_display": "76.92", "num_branches": 28, "num_partial_branches": 2, "covered_branches": 26, "missing_branches": 2, "percent_branches_covered": 92.85714285714286, "percent_branches_covered_display": "92.86"}, "missing_lines": [775, 782, 812, 813, 816, 818, 820, 822, 827, 835, 836, 837, 838, 839, 840], "excluded_lines": [], "start_line": 692, "executed_branches": [[700, 701], [700, 843], [702, 703], [702, 770], [712, 713], [712, 765], [726, 733], [726, 742], [742, 743], [742, 750], [747, 748], [747, 750], [756, 757], [756, 759], [765, 766], [765, 768], [774, 777], [781, 784], [789, 790], [789, 811], [790, 796], [790, 800], [829, 830], [829, 833], [843, 844], [843, 863]], "missing_branches": [[774, 775], [781, 782]]}, "UnifiInsightsOptionsFlow.async_step_init": {"executed_lines": [886, 887, 893, 897, 898, 899, 902, 903, 904, 905, 907, 908, 911, 914, 917, 920, 924, 938, 939, 945, 953, 961], "summary": {"covered_lines": 22, "num_statements": 22, "percent_covered": 100.0, "percent_covered_display": "100.00", "missing_lines": 0, "excluded_lines": 0, "percent_statements_covered": 100.0, "percent_statements_covered_display": "100.00", "num_branches": 10, "num_partial_branches": 0, "covered_branches": 10, "missing_branches": 0, "percent_branches_covered": 100.0, "percent_branches_covered_display": "100.00"}, "missing_lines": [], "excluded_lines": [], "start_line": 882, "executed_branches": [[897, 898], [897, 911], [899, 902], [899, 905], [903, 904], [903, 908], [905, 907], [905, 908], [938, 939], [938, 961]], "missing_branches": []}, "UnifiInsightsOptionsFlow._available_sites": {"executed_lines": [970, 971, 972, 973], "summary": {"covered_lines": 4, "num_statements": 4, "percent_covered": 100.0, "percent_covered_display": "100.00", "missing_lines": 0, "excluded_lines": 0, "percent_statements_covered": 100.0, "percent_statements_covered_display": "100.00", "num_branches": 0, "num_partial_branches": 0, "covered_branches": 0, "missing_branches": 0, "percent_branches_covered": 100.0, "percent_branches_covered_display": "100.00"}, "missing_lines": [], "excluded_lines": [], "start_line": 968, "executed_branches": [], "missing_branches": []}, "": {"executed_lines": [3, 5, 6, 7, 9, 10, 16, 17, 18, 19, 25, 27, 37, 38, 39, 56, 65, 68, 71, 72, 74, 80, 81, 82, 88, 89, 126, 127, 148, 160, 161, 193, 313, 358, 393, 454, 508, 589, 594, 692, 879, 882, 968], "summary": {"covered_lines": 43, "num_statements": 43, "percent_covered": 100.0, "percent_covered_display": "100.00
[...]
issing_lines": [512, 513], "excluded_lines": [], "start_line": 485, "executed_branches": [[508, 509], [528, 529], [528, 533], [546, 547], [564, 565], [564, 566], [578, 584], [578, 587], [585, 578], [585, 586], [637, 638], [637, 646]], "missing_branches": [[508, 512], [546, -541]]}, "UnifiInsightsVpnClientSwitch": {"executed_lines": [691, 692, 693, 694, 696, 697, 698, 699, 700, 706, 710, 711, 712, 716, 717, 726, 729, 730, 734, 735, 736, 737, 742, 747, 748, 753, 758, 759, 772, 773, 780, 795, 796, 797, 801, 802, 806, 807], "summary": {"covered_lines": 38, "num_statements": 39, "percent_covered": 93.33333333333333, "percent_covered_display": "93.33", "missing_lines": 1, "excluded_lines": 0, "percent_statements_covered": 97.43589743589743, "percent_statements_covered_display": "97.44", "num_branches": 6, "num_partial_branches": 2, "covered_branches": 4, "missing_branches": 2, "percent_branches_covered": 66.66666666666667, "percent_branches_covered_display": "66.67"}, "missing_lines": [704], "excluded_lines": [], "start_line": 676, "executed_branches": [[698, 699], [711, 712], [711, 716], [736, 737]], "missing_branches": [[698, 704], [736, -732]]}, "UnifiProtectMicrophoneSwitch": {"executed_lines": [827, 830, 833, 837, 843, 844, 845, 846, 849, 857, 858, 860, 871, 872, 876, 877, 879, 890, 891], "summary": {"covered_lines": 19, "num_statements": 19, "percent_covered": 100.0, "percent_covered_display": "100.00", "missing_lines": 0, "excluded_lines": 0, "percent_statements_covered": 100.0, "percent_statements_covered_display": "100.00", "num_branches": 2, "num_partial_branches": 0, "covered_branches": 2, "missing_branches": 0, "percent_branches_covered": 100.0, "percent_branches_covered_display": "100.00"}, "missing_lines": [], "excluded_lines": [], "start_line": 815, "executed_branches": [[844, 845], [844, 846]], "missing_branches": []}, "UnifiProtectPrivacySwitch": {"executed_lines": [907, 910, 913, 917, 923, 924, 927, 933, 941, 942, 944, 955, 956, 960, 961, 963, 974, 975], "summary": {"covered_lines": 18, "num_statements": 18, "percent_covered": 100.0, "percent_covered_display": "100.00", "missing_lines": 0, "excluded_lines": 0, "percent_statements_covered": 100.0, "percent_statements_covered_display": "100.00", "num_branches": 0, "num_partial_branches": 0, "covered_branches": 0, "missing_branches": 0, "percent_branches_covered": 100.0, "percent_branches_covered_display": "100.00"}, "missing_lines": [], "excluded_lines": [], "start_line": 894, "executed_branches": [], "missing_branches": []}, "UnifiProtectStatusLightSwitch": {"executed_lines": [991, 994, 997, 1001, 1006, 1008, 1011, 1019, 1020, 1022, 1033, 1034, 1038, 1039, 1041, 1052, 1053], "summary": {"covered_lines": 17, "num_statements": 17, "percent_covered": 100.0, "percent_covered_display": "100.00", "missing_lines": 0, "excluded_lines": 0, "percent_statements_covered": 100.0, "percent_statements_covered_display": "100.00", "num_branches": 0, "num_partial_branches": 0, "covered_branches": 0, "missing_branches": 0, "percent_branches_covered": 100.0, "percent_branches_covered_display": "100.00"}, "missing_lines": [], "excluded_lines": [], "start_line": 978, "executed_branches": [], "missing_branches": []}, "UnifiProtectHighFPSSwitch": {"executed_lines": [1069, 1072, 1075, 1079, 1084, 1085, 1088, 1096, 1097, 1099, 1110, 1111, 1115, 1116, 1118, 1129, 1130], "summary": {"covered_lines": 17, "num_statements": 17, "percent_covered": 100.0, "percent_covered_display": "100.00", "missing_lines": 0, "excluded_lines": 0, "percent_statements_covered": 100.0, "percent_statements_covered_display": "100.00", "num_branches": 0, "num_partial_branches": 0, "covered_branches": 0, "missing_branches": 0, "percent_branches_covered": 100.0, "percent_branches_covered_display": "100.00"}, "missing_lines": [], "excluded_lines": [], "start_line": 1056, "executed_branches": [], "missing_branches": []}, "UnifiClientBlockSwitch": {"executed_lines": [1152, 1153, 1154, 1157, 1158, 1164, 1165, 1166, 1170, 1173, 1175, 1180, 1189, 1194, 1199, 1204, 1206, 1207, 1211, 1212, 1216, 1223, 1228, 1232, 1233, 1235, 1242, 1247], "summary": {"covered_lines": 28, "num_statements": 28, "percent_covered": 100.0, "percent_covered_display": "100.00", "missing_lines": 0, "excluded_lines": 0, "percent_statements_covered": 100.0, "percent_statements_covered_display": "100.00", "num_branches": 2, "num_partial_branches": 0, "covered_branches": 2, "missing_branches": 0, "percent_branches_covered": 100.0, "percent_branches_covered_display": "100.00"}, "missing_lines": [], "excluded_lines": [], "start_line": 1133, "executed_branches": [[1173, 1175], [1173, 1180]], "missing_branches": []}, "UnifiWifiSwitch": {"executed_lines": [1265, 1266, 1267, 1268, 1270, 1272, 1273, 1274, 1278, 1287, 1292, 1297, 1304, 1305, 1310, 1311, 1321, 1322, 1326, 1339, 1344, 1348, 1349, 1353, 1366, 1371], "summary": {"covered_lines": 26, "num_statements": 26, "percent_covered": 100.0, "percent_covered_display": "100.00", "missing_lines": 0, "excluded_lines": 0, "percent_statements_covered": 100.0, "percent_statements_covered_display": "100.00", "num_branches": 0, "num_partial_branches": 0, "covered_branches": 0, "missing_branches": 0, "percent_branches_covered": 100.0, "percent_branches_covered_display": "100.00"}, "missing_lines": [], "excluded_lines": [], "start_line": 1250, "executed_branches": [], "missing_branches": []}, "UnifiOutletSwitch": {"executed_lines": [1389, 1390, 1391, 1392, 1393, 1395, 1396, 1398, 1399, 1400, 1401, 1407, 1412, 1416, 1417, 1418, 1419, 1420, 1422, 1423, 1424, 1425, 1426, 1427, 1428, 1429, 1430, 1431, 1432, 1433, 1434, 1443, 1444, 1445, 1446, 1447, 1448, 1449, 1450, 1451, 1452, 1453, 1454, 1455, 1456, 1457, 1458, 1459, 1460, 1462, 1463, 1464, 1469, 1470, 1471, 1472, 1473, 1474, 1479, 1480, 1481, 1482, 1487, 1488, 1489, 1499, 1500, 1501, 1505, 1509, 1510, 1516, 1518, 1539, 1540, 1541, 1545, 1546, 1552, 1554, 1575, 1576, 1577], "summary": {"covered_lines": 83, "num_statements": 85, "percent_covered": 92.1259842519685, "percent_covered_display": "92.13", "missing_lines": 2, "excluded_lines": 0, "percent_statements_covered": 97.6470588235294, "percent_statements_covered_display": "97.65", "num_branches": 42, "num_partial_branches": 8, "covered_branches": 34, "missing_branches": 8, "percent_branches_covered": 80.95238095238095, "percent_branches_covered_display": "80.95"}, "missing_lines": [1421, 1461], "excluded_lines": [], "start_line": 1374, "executed_branches": [[1417, 1418], [1417, 1419], [1420, 1422], [1422, 1423], [1422, 1434], [1423, 1424], [1423, 1425], [1426, 1427], [1426, 1428], [1428, 1429], [1430, 1422], [1430, 1431], [1446, 1447], [1448, 1449], [1449, -1436], [1449, 1450], [1450, 1451], [1450, 1452], [1453, 1454], [1453, 1455], [1455, 1456], [1457, 1449], [1457, 1458], [1458, 1459], [1460, 1462], [1469, 1470], [1469, 1471], [1472, 1473], [1472, 1474], [1480, 1481], [1480, 1482], [1489, 1499], [1489, 1501], [1499, 1500]], "missing_branches": [[1420, 1421], [1428, 1422], [1446, -1436], [1448, -1436], [1455, 1449], [1458, 1460], [1460, 1461], [1499, 1489]]}, "UnifiOutletCycleSwitch": {"executed_lines": [1597, 1598, 1599, 1600, 1601, 1603, 1604, 1606, 1609, 1610, 1611, 1617, 1622, 1626, 1627, 1629, 1630, 1632, 1633, 1634, 1635, 1636, 1637, 1638, 1639, 1640, 1641, 1642, 1643, 1644, 1652, 1653, 1654, 1655, 1656, 1657, 1658, 1659, 1661, 1662, 1664, 1665, 1666, 1667, 1668, 1675, 1676, 1677, 1678, 1680, 1684, 1685, 1690, 1691, 1692, 1693, 1697, 1701, 1702, 1708, 1709, 1711, 1734, 1735, 1736, 1740, 1741, 1747, 1748, 1750, 1773, 1774, 1775], "summary": {"covered_lines": 73, "num_statements": 80, "percent_covered": 85.08771929824562, "percent_covered_display": "85.09", "missing_lines": 7, "excluded_lines": 0, "percent_statements_covered": 91.25, "percent_statements_covered_display": "91.25", "num_branches": 34, "num_partial_branches": 10, "covered_branches": 24, "missing_branches": 10, "percent_branches_covered": 70.58823529411765, "percent_branches_covered_display": "70.59"}, "missing_lines": [1628, 1631, 1660, 1663, 1669, 1670, 1679], "excluded_lines": [], "start_line": 1580, "executed_branches": [[1627, 1629], [1630, 1632], [1632, 1633], [1632, 1644], [1633, 1634], [1633, 1635], [1636, 1637], [1636, 1638], [1638, 1639], [1640, 1632], [1640, 1641], [1655, 1656], [1657, 1658], [1658, 1659], [1659, 1661], [1662, 1664], [1664, 1665], [1666, 1658], [1666, 1667], [1675, 1676], [1675, 1677], [1678, 1680], [1691, 1692], [1691, 1693]], "missing_branches": [[1627, 1628], [1630, 1631], [1638, 1632], [1655, -1646], [1657, -1646], [1658, -1646], [1659, 1660], [1662, 1663], [1664, 1658], [1678, 1679]]}, "": {"executed_lines": [3, 5, 6, 8, 9, 10, 11, 12, 14, 29, 43, 46, 49, 51, 52, 53, 56, 57, 61, 63, 64, 65, 66, 70, 72, 73, 74, 75, 82, 86, 87, 90, 91, 94, 95, 98, 100, 103, 105, 106, 107, 114, 120, 121, 122, 127, 128, 142, 144, 145, 146, 151, 158, 165, 174, 175, 179, 187, 188, 189, 190, 195, 199, 208, 209, 210, 211, 215, 227, 228, 229, 230, 233, 234, 235, 241, 243, 244, 248, 257, 258, 260, 261, 263, 264, 266, 267, 269, 270, 272, 274, 275, 279, 289, 290, 300, 301, 308, 309, 310, 313, 316, 320, 329, 330, 331, 334, 335, 339, 347, 348, 351, 356, 357, 359, 378, 387, 403, 411, 412, 418, 419, 424, 425, 429, 430, 445, 474, 479, 485, 490, 491, 493, 516, 525, 541, 549, 550, 554, 555, 560, 561, 568, 569, 589, 590, 627, 665, 670, 676, 681, 682, 684, 708, 724, 732, 739, 740, 744, 745, 750, 751, 755, 756, 770, 799, 804, 811, 812, 815, 818, 819, 821, 835, 855, 874, 894, 897, 898, 899, 901, 915, 939, 958, 978, 981, 982, 983, 985, 999, 1017, 1036, 1056, 1059, 1060, 1061, 1063, 1077, 1094, 1113, 1133, 1141, 1142, 1143, 1145, 1187, 1196, 1197, 1201, 1202, 1209, 1230, 1250, 1253, 1254, 1255, 1257, 1285, 1294, 1295, 1301, 1302, 1307, 1308, 1319, 1346, 1374, 1377, 1378, 1380, 1405, 1414, 1436, 1466, 1467, 1476, 1477, 1484, 1485, 1503, 1507, 1543, 1580, 1583, 1584, 1585, 1586, 1588, 1615, 1624, 1646, 1672, 1673, 1682, 1687, 1688, 1695, 1699, 1738], "summary": {"covered_lines": 259, "num_statements": 278, "percent_covered": 89.10614525139665, "percent_covered_display": "89.11", "missing_lines": 19, "excluded_lines": 5, "percent_statements_covered": 93.16546762589928, "percent_statements_covered_display": "93.17", "num_branches": 80, "num_partial_branches": 16, "covered_branches": 60, "missing_branches": 20, "percent_branches_covered": 75.0, "percent_branches_covered_display": "75.00"}, "missing_lines": [58, 67, 88, 92, 129, 130, 135, 139, 231, 259, 262, 265, 268, 271, 273, 276, 277, 311, 332], "excluded_lines": [36, 37, 38, 40, 41], "start_line": 1, "executed_branches": [[52, 53], [52, 56], [56, 57], [64, 65], [73, 74], [73, 75], [87, 90], [90, 91], [90, 100], [91, 94], [95, 98], [128, 142], [142, 144], [142, 187], [144, 145], [144, 187], [175, 144], [175, 179], [187, 188], [188, 189], [188, 208], [189, 188], [189, 190], [208, 209], [208, 227], [209, 208], [209, 210], [228, 229], [228, 257], [229, 228], [229, 230], [230, 233], [233, 234], [233, 243], [257, 258], [257, 300], [258, 260], [260, 257], [260, 261], [261, 263], [264, 266], [266, 260], [266, 267], [267, 269], [270, 272], [272, 274], [289, 266], [289, 290], [300, 301], [300, 308], [308, 309], [308, 329], [309, 308], [309, 310], [310, 313], [329, 330], [329, 347], [330, 329], [330, 331], [331, 334]], "missing_branches": [[56, 58], [64, 67], [87, 88], [91, 92], [95, 90], [128, 129], [129, 130], [129, 142], [130, 129], [130, 135], [187, 208], [230, 231], [258, 259], [261, 262], [264, 265], [267, 268], [270, 271], [272, 273], [310, 311], [331, 332]]}}}, "custom_components/unifi_insights/update.py": {"executed_lines": [3, 5, 6, 8, 13, 14, 16, 17, 18, 26, 29, 32, 38, 39, 42, 52, 55, 58, 59, 60, 61, 63, 70, 71, 72, 75, 76, 79, 82, 85, 96, 97, 98, 100, 102, 103, 105, 107, 108, 110, 111, 112, 114, 115, 117, 118, 119, 120, 122, 123, 125, 126, 127, 130, 133, 135, 142, 143, 145, 146, 147, 151, 153, 154, 156, 157, 158, 160, 161], "summary": {"covered_lines": 69, "num_statements": 70, "percent_covered": 97.61904761904762, "percent_covered_display": "97.62", "missing_lines": 1, "excluded_lines": 4, "percent_statements_covered": 98.57142857142857, "percent_statements_covered_display": "98.57", "num_branches": 14, "num_partial_branches": 1, "covered_branches": 13, "missing_branches": 1, "percent_branches_covered": 92.85714285714286, "percent_branches_covered_display": "92.86"}, "missing_lines": [148], "excluded_lines": [20, 21, 22, 24], "executed_branches": [[97, 98], [97, 100], [118, 119], [118, 120], [126, 127], [126, 130], [133, 135], [133, 151], [142, 143], [142, 145], [146, 147], [157, 158], [157, 160]], "missing_branches": [[146, 148]], "functions": {"async_setup_entry": {"executed_lines": [38, 39, 42, 52], "summary": {"covered_lines": 4, "num_statements": 4, "percent_covered": 100.0, "percent_covered_display": "100.00", "missing_lines": 0, "excluded_lines": 0, "percent_statements_covered": 100.0, "percent_statements_covered_display": "100.00", "num_branches": 0, "num_partial_branches": 0, "covered_branches": 0, "missing_branches": 0, "percent_branches_covered": 100.0, "percent_branches_covered_display": "100.00"}, "missing_lines": [], "excluded_lines": [], "start_line": 32, "executed_branches": [], "missing_branches": []}, "UnifiNetworkDeviceUpdate.__init__": {"executed_lines": [70, 71, 72, 75, 76, 79, 82, 85, 96, 97, 98, 100], "summary": {"covered_lines": 12, "num_statements": 12, "percent_covered": 100.0, "percent_covered_display": "100.00", "missing_lines": 0, "excluded_lines": 0, "percent_statements_covered": 100.0, "percent_statements_covered_display": "100.00", "num_branches": 2, "num_partial_branches": 0, "covered_branches": 2, "missing_branches": 0, "percent_branches_covered": 100.0, "percent_branches_covered_display": "100.00"}, "missing_lines": [], "excluded_lines": [], "start_line": 63, "executed_branches": [[97, 98], [97, 100]], "missing_branches": []}, "UnifiNetworkDeviceUpdate.available": {"executed_lines": [105], "summary": {"covered_lines": 1, "num_statements": 1, "percent_covered": 100.0, "percent_covered_display": "100.00", "missing_lines": 0, "excluded_lines": 0, "percent_statements_covered": 100.0, "percent_statements_covered_display": "100.00", "num_branches": 0, "num_partial_branches": 0, "covered_branches": 0, "missing_branches": 0, "percent_branches_covered": 100.0, "percent_branches_covered_display": "100.00"}, "missing_lines": [], "excluded_lines": [], "start_line": 103, "executed_branches": [], "missing_branches": []}, "UnifiNetworkDeviceUpdate._device_data": {"executed_lines": [110, 111, 112], "summary": {"covered_lines": 3, "num_statements": 3, "percent_covered": 100.0, "percent_covered_display": "100.00", "missing_lines": 0, "excluded_lines": 0, "percent_statements_covered": 100.0, "percent_statements_covered_display": "100.00", "num_branches": 0, "num_partial_branches": 0, "covered_branches": 0, "missing_branches": 0, "percent_branches_covered": 100.0, "percent_branches_covered_display": "100.00"}, "missing_lines": [], "excluded_lines": [], "start_line": 108, "executed_branches": [], "missing_branches": []}, "UnifiNetworkDeviceUpdate.installed_version": {"executed_lines": [117, 118, 119, 120], "summary": {"covered_lines": 4, "num_statements": 4, "percent_covered": 100.0, "percent_covered_display": "100.00", "missing_lines": 0, "excluded_lines": 0, "percent_statements_covered": 100.0, "percent_statements_covered_display": "100.00", "num_branches": 2, "num_partial_branches": 0, "covered_branches": 2, "missing_branches": 0, "percent_branches_covered": 100.0, "percent_branches_covered_display": "100.00"}, "missing_lines": [], "excluded_lines": [], "start_line": 115, "executed_branches": [[118, 119], [118, 120]], "missing_branches": []}, "UnifiNetworkDeviceUpdate.latest_version": {"executed_lines": [125, 126, 127, 130, 133, 135, 142, 143, 145, 146, 147, 151], "summary": {"covered_lines": 12, "num_statements": 13, "percent_covered": 90.47619047619048, "percent_covered_display": "90.48", "missing_lines": 1, "excluded_lines": 0, "percent_statements_covered": 92.3076923076923, "percent_statements_covered_display": "92.31", "num_branches": 8, "num_partial_branches": 1, "covered_branches": 7, "missing_branches": 1, "percent_branches_covered": 87.5, "percent_branches_covered_display": "87.50"}, "missing_lines": [148], "excluded_lines": [], "start_line": 123, "executed_branches": [[126, 127], [126, 130], [133, 135], [133, 151], [142, 143], [142, 145], [146, 147]], "missing_branches": [[146, 148]]}, "UnifiNetworkDeviceUpdate.in_progress": {"executed_lines": [156, 157, 158, 160, 161], "summary": {"covered_lines": 5, "num_statements": 5, "percent_covered": 100.0, "percent_covered_display": "100.00", "missing_lines": 0, "excluded_lines": 0, "percent_statements_covered": 100.0, "percent_statements_covered_display": "100.00", "num_branches": 2, "num_partial_branches": 0, "covered_branches": 2, "missing_branches": 0, "percent_branches_covered": 100.0, "percent_branches_covered_display": "100.00"}, "missing_lines": [], "excluded_lines": [], "start_line": 154, "executed_branches": [[157, 158], [157, 160]], "missing_branches": []}, "": {"executed_lines": [3, 5, 6, 8, 13, 14, 16, 17, 18, 26, 29, 32, 55, 58, 59, 60, 61, 63, 102, 103, 107, 108, 114, 115, 122, 123, 153, 154], "summary": {"covered_lines": 28, "num_statements": 28, "percent_covered": 100.0, "percent_covered_display": "100.00", "missing_lines": 0, "excluded_lines": 4, "percent_statements_covered": 100.0, "percent_statements_covered_display": "100.00", "num_branches": 0, "num_partial_branches": 0, "covered_branches": 0, "missing_branches": 0, "percent_branches_covered": 100.0, "percent_branches_covered_display": "100.00"}, "missing_lines": [], "excluded_lines": [20, 21, 22, 24], "start_line": 1, "executed_branches": [], "missing_branches": []}}, "classes": {"UnifiNetworkDeviceUpdate": {"executed_lines": [70, 71, 72, 75, 76, 79, 82, 85, 96, 97, 98, 100, 105, 110, 111, 112, 117, 118, 119, 120, 125, 126, 127, 130, 133, 135, 142, 143, 145, 146, 147, 151, 156, 157, 158, 160, 161], "summary": {"covered_lines": 37, "num_statements": 38, "percent_covered": 96.15384615384616, "percent_covered_display": "96.15", "missing_lines": 1, "excluded_lines": 0, "percent_statements_covered": 97.36842105263158, "percent_statements_covered_display": "97.37", "num_branches": 14, "num_partial_branches": 1, "covered_branches": 13, "missing_branches": 1, "percent_branches_covered": 92.85714285714286, "percent_branches_covered_display": "92.86"}, "missing_lines": [148], "excluded_lines": [], "start_line": 55, "executed_branches": [[97, 98], [97, 100], [118, 119], [118, 120], [126, 127], [126, 130], [133, 135], [133, 151], [142, 143], [142, 145], [146, 147], [157, 158], [157, 160]], "missing_branches": [[146, 148]]}, "": {"executed_lines": [3, 5, 6, 8, 13, 14, 16, 17, 18, 26, 29, 32, 38, 39, 42, 52, 55, 58, 59, 60, 61, 63, 102, 103, 107, 108, 114, 115, 122, 123, 153, 154], "summary": {"covered_lines": 32, "num_statements": 32, "percent_covered": 100.0, "percent_covered_display": "100.00", "missing_lines": 0, "excluded_lines": 4, "percent_statements_covered": 100.0, "percent_statements_covered_display": "100.00", "num_branches": 0, "num_partial_branches": 0, "covered_branches": 0, "missing_branches": 0, "percent_branches_covered": 100.0, "percent_branches_covered_display": "100.00"}, "missing_lines": [], "excluded_lines": [20, 21, 22, 24], "start_line": 1, "executed_branches": [], "missing_branches": []}}}}, "totals": {"covered_lines": 5663, "num_statements": 5908, "percent_covered": 93.71341308220921, "percent_covered_display": "93.71", "missing_lines": 245, "excluded_lines": 113, "percent_statements_covered": 95.85308056872037, "percent_statements_covered_display": "95.85", "num_branches": 1950, "num_partial_branches": 201, "covered_branches": 1701, "missing_branches": 249, "percent_branches_covered": 87.23076923076923, "percent_branches_covered_display": "87.23"}}